Log file open, 06/22/18 23:29:00
LogWindows: Failed to load 'aqProf.dll' (GetLastError=126)
LogWindows: File 'aqProf.dll' does not exist
LogWindows: Failed to load 'VtuneApi.dll' (GetLastError=126)
LogWindows: File 'VtuneApi.dll' does not exist
LogWindows: Failed to load 'VtuneApi32e.dll' (GetLastError=126)
LogWindows: File 'VtuneApi32e.dll' does not exist
LogInit: Display: Running engine for game: BuildingEscape
LogPlatformFile: Not using cached read wrapper
LogInit: Display: RandInit(803082740) SRandInit(803082740).
LogInit: Read version file with build ID '3944462'
LogInit: Overriding engine version to CL 3989454, compatible CL 3944462
LogInit: Registered custom module enumerator with build ID '3944462'
LogTaskGraph: Started task graph with 5 named threads and 23 total threads with 3 sets of task threads.
LogStats: Stats thread started at 0.325388
LogD3D11RHI: Aftermath initialized
LogICUInternationalization: Display: ICU TimeZone Detection - Raw Offset: -5:00, Platform Override: ''
LogPluginManager: Mounting plugin Paper2D
LogPluginManager: Mounting plugin LiveLink
LogPluginManager: Mounting plugin LightPropagationVolume
LogPluginManager: Mounting plugin CLionSourceCodeAccess
LogPluginManager: Mounting plugin CodeLiteSourceCodeAccess
LogPluginManager: Mounting plugin GitSourceControl
LogPluginManager: Mounting plugin KDevelopSourceCodeAccess
LogPluginManager: Mounting plugin NullSourceCodeAccess
LogPluginManager: Mounting plugin PerforceSourceControl
LogPluginManager: Mounting plugin SubversionSourceControl
LogPluginManager: Mounting plugin UObjectPlugin
LogPluginManager: Mounting plugin VisualStudioCodeSourceCodeAccess
LogPluginManager: Mounting plugin VisualStudioSourceCodeAccess
LogPluginManager: Mounting plugin XCodeSourceCodeAccess
LogPluginManager: Mounting plugin AssetManagerEditor
LogPluginManager: Mounting plugin CryptoKeys
LogPluginManager: Mounting plugin DataValidation
LogPluginManager: Mounting plugin FacialAnimation
LogPluginManager: Mounting plugin GameplayTagsEditor
LogPluginManager: Mounting plugin MobileLauncherProfileWizard
LogPluginManager: Mounting plugin PluginBrowser
LogPluginManager: Mounting plugin SpeedTreeImporter
LogPluginManager: Mounting plugin DatasmithContent
LogPluginManager: Mounting plugin AlembicImporter
LogPluginManager: Mounting plugin CharacterAI
LogPluginManager: Mounting plugin HTML5Networking
LogPluginManager: Mounting plugin AndroidMedia
LogPluginManager: Mounting plugin AvfMedia
LogPluginManager: Mounting plugin ImgMedia
LogPluginManager: Mounting plugin LinearTimecode
LogPluginManager: Mounting plugin MediaCompositing
LogPluginManager: Mounting plugin MediaPlayerEditor
LogPluginManager: Mounting plugin WmfMedia
LogPluginManager: Mounting plugin TcpMessaging
LogPluginManager: Mounting plugin UdpMessaging
LogPluginManager: Mounting plugin ActorSequence
LogPluginManager: Mounting plugin LevelSequenceEditor
LogPluginManager: Mounting plugin MatineeToLevelSequence
LogPluginManager: Mounting plugin NetcodeUnitTest
LogPluginManager: Mounting plugin NUTUnrealEngine4
LogPluginManager: Mounting plugin OnlineSubsystemGooglePlay
LogPluginManager: Mounting plugin OnlineSubsystemIOS
LogPluginManager: Mounting plugin OnlineSubsystem
LogPluginManager: Mounting plugin OnlineSubsystemNull
LogPluginManager: Mounting plugin OnlineSubsystemUtils
LogPluginManager: Mounting plugin AndroidDeviceProfileSelector
LogPluginManager: Mounting plugin AndroidMoviePlayer
LogPluginManager: Mounting plugin AndroidPermission
LogPluginManager: Mounting plugin AppleARKit
LogPluginManager: Mounting plugin AppleMoviePlayer
LogPluginManager: Mounting plugin ArchVisCharacter
LogPluginManager: Mounting plugin AudioCapture
LogPluginManager: Mounting plugin CableComponent
LogPluginManager: Mounting plugin CustomMeshComponent
LogPluginManager: Mounting plugin ExampleDeviceProfileSelector
LogPluginManager: Mounting plugin GoogleCloudMessaging
LogPluginManager: Mounting plugin ImmediatePhysics
LogPluginManager: Mounting plugin IOSDeviceProfileSelector
LogPluginManager: Mounting plugin LinuxDeviceProfileSelector
LogPluginManager: Mounting plugin LocationServicesBPLibrary
LogPluginManager: Mounting plugin MobilePatchingUtils
LogPluginManager: Mounting plugin OculusVR
LogPluginManager: Plugin shader directory ../../../Engine/Plugins/Runtime/Oculus/OculusVR/Shaders found
LogPluginManager: Mapping shader source directory ../../../Engine/Plugins/Runtime/Oculus/OculusVR/Shaders to virtual directory /Plugin/OculusVR
LogPluginManager: Mounting plugin PhysXVehicles
LogPluginManager: Mounting plugin ProceduralMeshComponent
LogPluginManager: Mounting plugin RuntimePhysXCooking
LogPluginManager: Mounting plugin SteamVR
LogPluginManager: Mounting plugin WindowsMoviePlayer
LogStreaming: Display: Took  0.161s to configure plugins.
LogModuleManager: Warning: Module file D:/Users/Jerry/Documents/repos/03_BuildingEscape/BuildingEscape/Binaries/Win64/UE4Editor-BuildingEscape-892.dll is missing. This is likely a stale module that must be recompiled.
LogModuleManager: Display: Found up-to-date module file ../../../Engine/Plugins/2D/Paper2D/Binaries/Win64/UE4Editor-Paper2D.dll (API version 3944462).
LogModuleManager: Display: Found up-to-date module file ../../../Engine/Plugins/2D/Paper2D/Binaries/Win64/UE4Editor-Paper2DEditor.dll (API version 3944462).
LogModuleManager: Display: Found up-to-date module file ../../../Engine/Plugins/2D/Paper2D/Binaries/Win64/UE4Editor-PaperSpriteSheetImporter.dll (API version 3944462).
LogModuleManager: Display: Found up-to-date module file ../../../Engine/Plugins/2D/Paper2D/Binaries/Win64/UE4Editor-PaperTiledImporter.dll (API version 3944462).
LogModuleManager: Display: Found up-to-date module file ../../../Engine/Plugins/2D/Paper2D/Binaries/Win64/UE4Editor-SmartSnapping.dll (API version 3944462).
LogModuleManager: Display: Found up-to-date module file ../../../Engine/Plugins/Animation/LiveLink/Binaries/Win64/UE4Editor-LiveLink.dll (API version 3944462).
LogModuleManager: Display: Found up-to-date module file ../../../Engine/Plugins/Animation/LiveLink/Binaries/Win64/UE4Editor-LiveLinkEditor.dll (API version 3944462).
LogModuleManager: Display: Found up-to-date module file ../../../Engine/Plugins/Blendables/LightPropagationVolume/Binaries/Win64/UE4Editor-LightPropagationVolumeRuntime.dll (API version 3944462).
LogModuleManager: Display: Found up-to-date module file ../../../Engine/Plugins/Blendables/LightPropagationVolume/Binaries/Win64/UE4Editor-LightPropagationVolumeEditor.dll (API version 3944462).
LogModuleManager: Display: Found up-to-date module file ../../../Engine/Plugins/Developer/CLionSourceCodeAccess/Binaries/Win64/UE4Editor-CLionSourceCodeAccess.dll (API version 3944462).
LogModuleManager: Display: Found up-to-date module file ../../../Engine/Plugins/Developer/GitSourceControl/Binaries/Win64/UE4Editor-GitSourceControl.dll (API version 3944462).
LogModuleManager: Display: Found up-to-date module file ../../../Engine/Plugins/Developer/PerforceSourceControl/Binaries/Win64/UE4Editor-PerforceSourceControl.dll (API version 3944462).
LogModuleManager: Display: Found up-to-date module file ../../../Engine/Plugins/Developer/SubversionSourceControl/Binaries/Win64/UE4Editor-SubversionSourceControl.dll (API version 3944462).
LogModuleManager: Display: Found up-to-date module file ../../../Engine/Plugins/Developer/UObjectPlugin/Binaries/Win64/UE4Editor-UObjectPlugin.dll (API version 3944462).
LogModuleManager: Display: Found up-to-date module file ../../../Engine/Plugins/Developer/VisualStudioCodeSourceCodeAccess/Binaries/Win64/UE4Editor-VisualStudioCodeSourceCodeAccess.dll (API version 3944462).
LogModuleManager: Display: Found up-to-date module file ../../../Engine/Plugins/Developer/VisualStudioSourceCodeAccess/Binaries/Win64/UE4Editor-VisualStudioSourceCodeAccess.dll (API version 3944462).
LogModuleManager: Display: Found up-to-date module file ../../../Engine/Plugins/Editor/AssetManagerEditor/Binaries/Win64/UE4Editor-AssetManagerEditor.dll (API version 3944462).
LogModuleManager: Display: Found up-to-date module file ../../../Engine/Plugins/Editor/CryptoKeys/Binaries/Win64/UE4Editor-CryptoKeys.dll (API version 3944462).
LogModuleManager: Display: Found up-to-date module file ../../../Engine/Plugins/Editor/CryptoKeys/Binaries/Win64/UE4Editor-CryptoKeysOpenSSL.dll (API version 3944462).
LogModuleManager: Display: Found up-to-date module file ../../../Engine/Plugins/Editor/DataValidation/Binaries/Win64/UE4Editor-DataValidation.dll (API version 3944462).
LogModuleManager: Display: Found up-to-date module file ../../../Engine/Plugins/Editor/FacialAnimation/Binaries/Win64/UE4Editor-FacialAnimation.dll (API version 3944462).
LogModuleManager: Display: Found up-to-date module file ../../../Engine/Plugins/Editor/FacialAnimation/Binaries/Win64/UE4Editor-FacialAnimationEditor.dll (API version 3944462).
LogModuleManager: Display: Found up-to-date module file ../../../Engine/Plugins/Editor/GameplayTagsEditor/Binaries/Win64/UE4Editor-GameplayTagsEditor.dll (API version 3944462).
LogModuleManager: Display: Found up-to-date module file ../../../Engine/Plugins/Editor/MobileLauncherProfileWizard/Binaries/Win64/UE4Editor-MobileLauncherProfileWizard.dll (API version 3944462).
LogModuleManager: Display: Found up-to-date module file ../../../Engine/Plugins/Editor/PluginBrowser/Binaries/Win64/UE4Editor-PluginBrowser.dll (API version 3944462).
LogModuleManager: Display: Found up-to-date module file ../../../Engine/Plugins/Editor/SpeedTreeImporter/Binaries/Win64/UE4Editor-SpeedTreeImporter.dll (API version 3944462).
LogModuleManager: Display: Found up-to-date module file ../../../Engine/Plugins/Enterprise/DatasmithContent/Binaries/Win64/UE4Editor-DatasmithContent.dll (API version 3944462).
LogModuleManager: Display: Found up-to-date module file ../../../Engine/Plugins/Experimental/AlembicImporter/Binaries/Win64/UE4Editor-AlembicImporter.dll (API version 3944462).
LogModuleManager: Display: Found up-to-date module file ../../../Engine/Plugins/Experimental/AlembicImporter/Binaries/Win64/UE4Editor-AlembicLibrary.dll (API version 3944462).
LogModuleManager: Display: Found up-to-date module file ../../../Engine/Plugins/Experimental/CharacterAI/Binaries/Win64/UE4Editor-CharacterAI.dll (API version 3944462).
LogModuleManager: Display: Found up-to-date module file ../../../Engine/Plugins/Experimental/HTML5Networking/Binaries/Win64/UE4Editor-HTML5Networking.dll (API version 3944462).
LogModuleManager: Display: Found up-to-date module file ../../../Engine/Plugins/Media/AndroidMedia/Binaries/Win64/UE4Editor-AndroidMediaEditor.dll (API version 3944462).
LogModuleManager: Display: Found up-to-date module file ../../../Engine/Plugins/Media/AndroidMedia/Binaries/Win64/UE4Editor-AndroidMediaFactory.dll (API version 3944462).
LogModuleManager: Display: Found up-to-date module file ../../../Engine/Plugins/Media/AvfMedia/Binaries/Win64/UE4Editor-AvfMediaEditor.dll (API version 3944462).
LogModuleManager: Display: Found up-to-date module file ../../../Engine/Plugins/Media/AvfMedia/Binaries/Win64/UE4Editor-AvfMediaFactory.dll (API version 3944462).
LogModuleManager: Display: Found up-to-date module file ../../../Engine/Plugins/Media/AvfMedia/Binaries/Win64/UE4Editor-AvfMediaFactory.dll (API version 3944462).
LogModuleManager: Display: Found up-to-date module file ../../../Engine/Plugins/Media/ImgMedia/Binaries/Win64/UE4Editor-ImgMedia.dll (API version 3944462).
LogModuleManager: Display: Found up-to-date module file ../../../Engine/Plugins/Media/ImgMedia/Binaries/Win64/UE4Editor-ImgMediaEditor.dll (API version 3944462).
LogModuleManager: Display: Found up-to-date module file ../../../Engine/Plugins/Media/ImgMedia/Binaries/Win64/UE4Editor-ImgMediaFactory.dll (API version 3944462).
LogModuleManager: Display: Found up-to-date module file ../../../Engine/Plugins/Media/ImgMedia/Binaries/Win64/UE4Editor-ImgMediaFactory.dll (API version 3944462).
LogModuleManager: Display: Found up-to-date module file ../../../Engine/Plugins/Media/ImgMedia/Binaries/Win64/UE4Editor-OpenExrWrapper.dll (API version 3944462).
LogModuleManager: Display: Found up-to-date module file ../../../Engine/Plugins/Media/LinearTimecode/Binaries/Win64/UE4Editor-LinearTimecode.dll (API version 3944462).
LogModuleManager: Display: Found up-to-date module file ../../../Engine/Plugins/Media/MediaCompositing/Binaries/Win64/UE4Editor-MediaCompositing.dll (API version 3944462).
LogModuleManager: Display: Found up-to-date module file ../../../Engine/Plugins/Media/MediaCompositing/Binaries/Win64/UE4Editor-MediaCompositingEditor.dll (API version 3944462).
LogModuleManager: Display: Found up-to-date module file ../../../Engine/Plugins/Media/MediaPlayerEditor/Binaries/Win64/UE4Editor-MediaPlayerEditor.dll (API version 3944462).
LogModuleManager: Display: Found up-to-date module file ../../../Engine/Plugins/Media/WmfMedia/Binaries/Win64/UE4Editor-WmfMedia.dll (API version 3944462).
LogModuleManager: Display: Found up-to-date module file ../../../Engine/Plugins/Media/WmfMedia/Binaries/Win64/UE4Editor-WmfMediaEditor.dll (API version 3944462).
LogModuleManager: Display: Found up-to-date module file ../../../Engine/Plugins/Media/WmfMedia/Binaries/Win64/UE4Editor-WmfMediaFactory.dll (API version 3944462).
LogModuleManager: Display: Found up-to-date module file ../../../Engine/Plugins/Media/WmfMedia/Binaries/Win64/UE4Editor-WmfMediaFactory.dll (API version 3944462).
LogModuleManager: Display: Found up-to-date module file ../../../Engine/Plugins/Messaging/TcpMessaging/Binaries/Win64/UE4Editor-TcpMessaging.dll (API version 3944462).
LogModuleManager: Display: Found up-to-date module file ../../../Engine/Plugins/Messaging/UdpMessaging/Binaries/Win64/UE4Editor-UdpMessaging.dll (API version 3944462).
LogModuleManager: Display: Found up-to-date module file ../../../Engine/Plugins/MovieScene/ActorSequence/Binaries/Win64/UE4Editor-ActorSequence.dll (API version 3944462).
LogModuleManager: Display: Found up-to-date module file ../../../Engine/Plugins/MovieScene/LevelSequenceEditor/Binaries/Win64/UE4Editor-LevelSequenceEditor.dll (API version 3944462).
LogModuleManager: Display: Found up-to-date module file ../../../Engine/Plugins/MovieScene/MatineeToLevelSequence/Binaries/Win64/UE4Editor-MatineeToLevelSequence.dll (API version 3944462).
LogModuleManager: Display: Found up-to-date module file ../../../Engine/Plugins/NetcodeUnitTest/NetcodeUnitTest/Binaries/Win64/UE4Editor-NetcodeUnitTest.dll (API version 3944462).
LogModuleManager: Display: Found up-to-date module file ../../../Engine/Plugins/NetcodeUnitTest/NUTUnrealEngine4/Binaries/Win64/UE4Editor-NUTUnrealEngine4.dll (API version 3944462).
LogModuleManager: Display: Found up-to-date module file ../../../Engine/Plugins/Online/OnlineSubsystem/Binaries/Win64/UE4Editor-OnlineSubsystem.dll (API version 3944462).
LogModuleManager: Display: Found up-to-date module file ../../../Engine/Plugins/Online/OnlineSubsystemNull/Binaries/Win64/UE4Editor-OnlineSubsystemNull.dll (API version 3944462).
LogModuleManager: Display: Found up-to-date module file ../../../Engine/Plugins/Online/OnlineSubsystemUtils/Binaries/Win64/UE4Editor-OnlineSubsystemUtils.dll (API version 3944462).
LogModuleManager: Display: Found up-to-date module file ../../../Engine/Plugins/Online/OnlineSubsystemUtils/Binaries/Win64/UE4Editor-OnlineBlueprintSupport.dll (API version 3944462).
LogModuleManager: Display: Found up-to-date module file ../../../Engine/Plugins/Runtime/AndroidDeviceProfileSelector/Binaries/Win64/UE4Editor-AndroidDeviceProfileSelector.dll (API version 3944462).
LogModuleManager: Display: Found up-to-date module file ../../../Engine/Plugins/Runtime/AndroidPermission/Binaries/Win64/UE4Editor-AndroidPermission.dll (API version 3944462).
LogModuleManager: Display: Found up-to-date module file ../../../Engine/Plugins/Runtime/AppleARKit/Binaries/Win64/UE4Editor-AppleARKit.dll (API version 3944462).
LogModuleManager: Display: Found up-to-date module file ../../../Engine/Plugins/Runtime/ArchVisCharacter/Binaries/Win64/UE4Editor-ArchVisCharacter.dll (API version 3944462).
LogModuleManager: Display: Found up-to-date module file ../../../Engine/Plugins/Runtime/AudioCapture/Binaries/Win64/UE4Editor-AudioCapture.dll (API version 3944462).
LogModuleManager: Display: Found up-to-date module file ../../../Engine/Plugins/Runtime/AudioCapture/Binaries/Win64/UE4Editor-AudioCaptureEditor.dll (API version 3944462).
LogModuleManager: Display: Found up-to-date module file ../../../Engine/Plugins/Runtime/CableComponent/Binaries/Win64/UE4Editor-CableComponent.dll (API version 3944462).
LogModuleManager: Display: Found up-to-date module file ../../../Engine/Plugins/Runtime/CustomMeshComponent/Binaries/Win64/UE4Editor-CustomMeshComponent.dll (API version 3944462).
LogModuleManager: Display: Found up-to-date module file ../../../Engine/Plugins/Runtime/ExampleDeviceProfileSelector/Binaries/Win64/UE4Editor-ExampleDeviceProfileSelector.dll (API version 3944462).
LogModuleManager: Display: Found up-to-date module file ../../../Engine/Plugins/Runtime/ImmediatePhysics/Binaries/Win64/UE4Editor-ImmediatePhysics.dll (API version 3944462).
LogModuleManager: Display: Found up-to-date module file ../../../Engine/Plugins/Runtime/ImmediatePhysics/Binaries/Win64/UE4Editor-ImmediatePhysicsEditor.dll (API version 3944462).
LogModuleManager: Display: Found up-to-date module file ../../../Engine/Plugins/Runtime/LocationServicesBPLibrary/Binaries/Win64/UE4Editor-LocationServicesBPLibrary.dll (API version 3944462).
LogModuleManager: Display: Found up-to-date module file ../../../Engine/Plugins/Runtime/MobilePatchingUtils/Binaries/Win64/UE4Editor-MobilePatchingUtils.dll (API version 3944462).
LogModuleManager: Display: Found up-to-date module file ../../../Engine/Plugins/Runtime/Oculus/OculusVR/Binaries/Win64/UE4Editor-OculusHMD.dll (API version 3944462).
LogModuleManager: Display: Found up-to-date module file ../../../Engine/Plugins/Runtime/Oculus/OculusVR/Binaries/Win64/UE4Editor-OculusInput.dll (API version 3944462).
LogModuleManager: Display: Found up-to-date module file ../../../Engine/Plugins/Runtime/Oculus/OculusVR/Binaries/Win64/UE4Editor-OculusEditor.dll (API version 3944462).
LogModuleManager: Display: Found up-to-date module file ../../../Engine/Plugins/Runtime/PhysXVehicles/Binaries/Win64/UE4Editor-PhysXVehicles.dll (API version 3944462).
LogModuleManager: Display: Found up-to-date module file ../../../Engine/Plugins/Runtime/PhysXVehicles/Binaries/Win64/UE4Editor-PhysXVehiclesEditor.dll (API version 3944462).
LogModuleManager: Display: Found up-to-date module file ../../../Engine/Plugins/Runtime/ProceduralMeshComponent/Binaries/Win64/UE4Editor-ProceduralMeshComponent.dll (API version 3944462).
LogModuleManager: Display: Found up-to-date module file ../../../Engine/Plugins/Runtime/ProceduralMeshComponent/Binaries/Win64/UE4Editor-ProceduralMeshComponentEditor.dll (API version 3944462).
LogModuleManager: Display: Found up-to-date module file ../../../Engine/Plugins/Runtime/RuntimePhysXCooking/Binaries/Win64/UE4Editor-RuntimePhysXCooking.dll (API version 3944462).
LogModuleManager: Display: Found up-to-date module file ../../../Engine/Plugins/Runtime/Steam/SteamVR/Binaries/Win64/UE4Editor-SteamVR.dll (API version 3944462).
LogModuleManager: Display: Found up-to-date module file ../../../Engine/Plugins/Runtime/Steam/SteamVR/Binaries/Win64/UE4Editor-SteamVRController.dll (API version 3944462).
LogModuleManager: Display: Found up-to-date module file ../../../Engine/Plugins/Runtime/WindowsMoviePlayer/Binaries/Win64/UE4Editor-WindowsMoviePlayer.dll (API version 3944462).
LogInit: Warning: Incompatible or missing module: UE4Editor-BuildingEscape.dll
Running C:/Program Files/Epic Games/UE_4.19/Engine/Binaries/DotNET/UnrealBuildTool.exe BuildingEscape Development Win64 -project="D:/Users/Jerry/Documents/repos/03_BuildingEscape/BuildingEscape/BuildingEscape.uproject" -editorrecompile -progress -NoHotReloadFromIDE
Performing full C++ include scan (building a new target)
Using 'git status' to determine working set for adaptive non-unity build.
Creating makefile for BuildingEscape (ini files are newer than UBTMakefile)
@progress push 5%
@progress pop
Performing 6 actions (4 in parallel)
BuildingEscapeGameModeBase.gen.cpp
BuildingEscape.cpp
BuildingEscape.init.gen.cpp
BuildingEscapeGameModeBase.cpp
[5/6] Link UE4Editor-BuildingEscape.dll
[6/6] Link UE4Editor-BuildingEscape.lib
   Creating library D:\Users\Jerry\Documents\repos\03_BuildingEscape\BuildingEscape\Intermediate\Build\Win64\UE4Editor\Development\UE4Editor-BuildingEscape.lib and object D:\Users\Jerry\Documents\repos\03_BuildingEscape\BuildingEscape\Intermediate\Build\Win64\UE4Editor\Development\UE4Editor-BuildingEscape.exp
   Creating library D:\Users\Jerry\Documents\repos\03_BuildingEscape\BuildingEscape\Intermediate\Build\Win64\UE4Editor\Development\UE4Editor-BuildingEscape.suppressed.lib and object D:\Users\Jerry\Documents\repos\03_BuildingEscape\BuildingEscape\Intermediate\Build\Win64\UE4Editor\Development\UE4Editor-BuildingEscape.suppressed.exp
Total build time: 57.03 seconds (Local executor: 5.77 seconds)
LogModuleManager: Display: Found up-to-date module file D:/Users/Jerry/Documents/repos/03_BuildingEscape/BuildingEscape/Binaries/Win64/UE4Editor-BuildingEscape.dll (API version 3944462).
LogModuleManager: Display: Found up-to-date module file ../../../Engine/Plugins/2D/Paper2D/Binaries/Win64/UE4Editor-Paper2D.dll (API version 3944462).
LogModuleManager: Display: Found up-to-date module file ../../../Engine/Plugins/2D/Paper2D/Binaries/Win64/UE4Editor-Paper2DEditor.dll (API version 3944462).
LogModuleManager: Display: Found up-to-date module file ../../../Engine/Plugins/2D/Paper2D/Binaries/Win64/UE4Editor-PaperSpriteSheetImporter.dll (API version 3944462).
LogModuleManager: Display: Found up-to-date module file ../../../Engine/Plugins/2D/Paper2D/Binaries/Win64/UE4Editor-PaperTiledImporter.dll (API version 3944462).
LogModuleManager: Display: Found up-to-date module file ../../../Engine/Plugins/2D/Paper2D/Binaries/Win64/UE4Editor-SmartSnapping.dll (API version 3944462).
LogModuleManager: Display: Found up-to-date module file ../../../Engine/Plugins/Animation/LiveLink/Binaries/Win64/UE4Editor-LiveLink.dll (API version 3944462).
LogModuleManager: Display: Found up-to-date module file ../../../Engine/Plugins/Animation/LiveLink/Binaries/Win64/UE4Editor-LiveLinkEditor.dll (API version 3944462).
LogModuleManager: Display: Found up-to-date module file ../../../Engine/Plugins/Blendables/LightPropagationVolume/Binaries/Win64/UE4Editor-LightPropagationVolumeRuntime.dll (API version 3944462).
LogModuleManager: Display: Found up-to-date module file ../../../Engine/Plugins/Blendables/LightPropagationVolume/Binaries/Win64/UE4Editor-LightPropagationVolumeEditor.dll (API version 3944462).
LogModuleManager: Display: Found up-to-date module file ../../../Engine/Plugins/Developer/CLionSourceCodeAccess/Binaries/Win64/UE4Editor-CLionSourceCodeAccess.dll (API version 3944462).
LogModuleManager: Display: Found up-to-date module file ../../../Engine/Plugins/Developer/GitSourceControl/Binaries/Win64/UE4Editor-GitSourceControl.dll (API version 3944462).
LogModuleManager: Display: Found up-to-date module file ../../../Engine/Plugins/Developer/PerforceSourceControl/Binaries/Win64/UE4Editor-PerforceSourceControl.dll (API version 3944462).
LogModuleManager: Display: Found up-to-date module file ../../../Engine/Plugins/Developer/SubversionSourceControl/Binaries/Win64/UE4Editor-SubversionSourceControl.dll (API version 3944462).
LogModuleManager: Display: Found up-to-date module file ../../../Engine/Plugins/Developer/UObjectPlugin/Binaries/Win64/UE4Editor-UObjectPlugin.dll (API version 3944462).
LogModuleManager: Display: Found up-to-date module file ../../../Engine/Plugins/Developer/VisualStudioCodeSourceCodeAccess/Binaries/Win64/UE4Editor-VisualStudioCodeSourceCodeAccess.dll (API version 3944462).
LogModuleManager: Display: Found up-to-date module file ../../../Engine/Plugins/Developer/VisualStudioSourceCodeAccess/Binaries/Win64/UE4Editor-VisualStudioSourceCodeAccess.dll (API version 3944462).
LogModuleManager: Display: Found up-to-date module file ../../../Engine/Plugins/Editor/AssetManagerEditor/Binaries/Win64/UE4Editor-AssetManagerEditor.dll (API version 3944462).
LogModuleManager: Display: Found up-to-date module file ../../../Engine/Plugins/Editor/CryptoKeys/Binaries/Win64/UE4Editor-CryptoKeys.dll (API version 3944462).
LogModuleManager: Display: Found up-to-date module file ../../../Engine/Plugins/Editor/CryptoKeys/Binaries/Win64/UE4Editor-CryptoKeysOpenSSL.dll (API version 3944462).
LogModuleManager: Display: Found up-to-date module file ../../../Engine/Plugins/Editor/DataValidation/Binaries/Win64/UE4Editor-DataValidation.dll (API version 3944462).
LogModuleManager: Display: Found up-to-date module file ../../../Engine/Plugins/Editor/FacialAnimation/Binaries/Win64/UE4Editor-FacialAnimation.dll (API version 3944462).
LogModuleManager: Display: Found up-to-date module file ../../../Engine/Plugins/Editor/FacialAnimation/Binaries/Win64/UE4Editor-FacialAnimationEditor.dll (API version 3944462).
LogModuleManager: Display: Found up-to-date module file ../../../Engine/Plugins/Editor/GameplayTagsEditor/Binaries/Win64/UE4Editor-GameplayTagsEditor.dll (API version 3944462).
LogModuleManager: Display: Found up-to-date module file ../../../Engine/Plugins/Editor/MobileLauncherProfileWizard/Binaries/Win64/UE4Editor-MobileLauncherProfileWizard.dll (API version 3944462).
LogModuleManager: Display: Found up-to-date module file ../../../Engine/Plugins/Editor/PluginBrowser/Binaries/Win64/UE4Editor-PluginBrowser.dll (API version 3944462).
LogModuleManager: Display: Found up-to-date module file ../../../Engine/Plugins/Editor/SpeedTreeImporter/Binaries/Win64/UE4Editor-SpeedTreeImporter.dll (API version 3944462).
LogModuleManager: Display: Found up-to-date module file ../../../Engine/Plugins/Enterprise/DatasmithContent/Binaries/Win64/UE4Editor-DatasmithContent.dll (API version 3944462).
LogModuleManager: Display: Found up-to-date module file ../../../Engine/Plugins/Experimental/AlembicImporter/Binaries/Win64/UE4Editor-AlembicImporter.dll (API version 3944462).
LogModuleManager: Display: Found up-to-date module file ../../../Engine/Plugins/Experimental/AlembicImporter/Binaries/Win64/UE4Editor-AlembicLibrary.dll (API version 3944462).
LogModuleManager: Display: Found up-to-date module file ../../../Engine/Plugins/Experimental/CharacterAI/Binaries/Win64/UE4Editor-CharacterAI.dll (API version 3944462).
LogModuleManager: Display: Found up-to-date module file ../../../Engine/Plugins/Experimental/HTML5Networking/Binaries/Win64/UE4Editor-HTML5Networking.dll (API version 3944462).
LogModuleManager: Display: Found up-to-date module file ../../../Engine/Plugins/Media/AndroidMedia/Binaries/Win64/UE4Editor-AndroidMediaEditor.dll (API version 3944462).
LogModuleManager: Display: Found up-to-date module file ../../../Engine/Plugins/Media/AndroidMedia/Binaries/Win64/UE4Editor-AndroidMediaFactory.dll (API version 3944462).
LogModuleManager: Display: Found up-to-date module file ../../../Engine/Plugins/Media/AvfMedia/Binaries/Win64/UE4Editor-AvfMediaEditor.dll (API version 3944462).
LogModuleManager: Display: Found up-to-date module file ../../../Engine/Plugins/Media/AvfMedia/Binaries/Win64/UE4Editor-AvfMediaFactory.dll (API version 3944462).
LogModuleManager: Display: Found up-to-date module file ../../../Engine/Plugins/Media/AvfMedia/Binaries/Win64/UE4Editor-AvfMediaFactory.dll (API version 3944462).
LogModuleManager: Display: Found up-to-date module file ../../../Engine/Plugins/Media/ImgMedia/Binaries/Win64/UE4Editor-ImgMedia.dll (API version 3944462).
LogModuleManager: Display: Found up-to-date module file ../../../Engine/Plugins/Media/ImgMedia/Binaries/Win64/UE4Editor-ImgMediaEditor.dll (API version 3944462).
LogModuleManager: Display: Found up-to-date module file ../../../Engine/Plugins/Media/ImgMedia/Binaries/Win64/UE4Editor-ImgMediaFactory.dll (API version 3944462).
LogModuleManager: Display: Found up-to-date module file ../../../Engine/Plugins/Media/ImgMedia/Binaries/Win64/UE4Editor-ImgMediaFactory.dll (API version 3944462).
LogModuleManager: Display: Found up-to-date module file ../../../Engine/Plugins/Media/ImgMedia/Binaries/Win64/UE4Editor-OpenExrWrapper.dll (API version 3944462).
LogModuleManager: Display: Found up-to-date module file ../../../Engine/Plugins/Media/LinearTimecode/Binaries/Win64/UE4Editor-LinearTimecode.dll (API version 3944462).
LogModuleManager: Display: Found up-to-date module file ../../../Engine/Plugins/Media/MediaCompositing/Binaries/Win64/UE4Editor-MediaCompositing.dll (API version 3944462).
LogModuleManager: Display: Found up-to-date module file ../../../Engine/Plugins/Media/MediaCompositing/Binaries/Win64/UE4Editor-MediaCompositingEditor.dll (API version 3944462).
LogModuleManager: Display: Found up-to-date module file ../../../Engine/Plugins/Media/MediaPlayerEditor/Binaries/Win64/UE4Editor-MediaPlayerEditor.dll (API version 3944462).
LogModuleManager: Display: Found up-to-date module file ../../../Engine/Plugins/Media/WmfMedia/Binaries/Win64/UE4Editor-WmfMedia.dll (API version 3944462).
LogModuleManager: Display: Found up-to-date module file ../../../Engine/Plugins/Media/WmfMedia/Binaries/Win64/UE4Editor-WmfMediaEditor.dll (API version 3944462).
LogModuleManager: Display: Found up-to-date module file ../../../Engine/Plugins/Media/WmfMedia/Binaries/Win64/UE4Editor-WmfMediaFactory.dll (API version 3944462).
LogModuleManager: Display: Found up-to-date module file ../../../Engine/Plugins/Media/WmfMedia/Binaries/Win64/UE4Editor-WmfMediaFactory.dll (API version 3944462).
LogModuleManager: Display: Found up-to-date module file ../../../Engine/Plugins/Messaging/TcpMessaging/Binaries/Win64/UE4Editor-TcpMessaging.dll (API version 3944462).
LogModuleManager: Display: Found up-to-date module file ../../../Engine/Plugins/Messaging/UdpMessaging/Binaries/Win64/UE4Editor-UdpMessaging.dll (API version 3944462).
LogModuleManager: Display: Found up-to-date module file ../../../Engine/Plugins/MovieScene/ActorSequence/Binaries/Win64/UE4Editor-ActorSequence.dll (API version 3944462).
LogModuleManager: Display: Found up-to-date module file ../../../Engine/Plugins/MovieScene/LevelSequenceEditor/Binaries/Win64/UE4Editor-LevelSequenceEditor.dll (API version 3944462).
LogModuleManager: Display: Found up-to-date module file ../../../Engine/Plugins/MovieScene/MatineeToLevelSequence/Binaries/Win64/UE4Editor-MatineeToLevelSequence.dll (API version 3944462).
LogModuleManager: Display: Found up-to-date module file ../../../Engine/Plugins/NetcodeUnitTest/NetcodeUnitTest/Binaries/Win64/UE4Editor-NetcodeUnitTest.dll (API version 3944462).
LogModuleManager: Display: Found up-to-date module file ../../../Engine/Plugins/NetcodeUnitTest/NUTUnrealEngine4/Binaries/Win64/UE4Editor-NUTUnrealEngine4.dll (API version 3944462).
LogModuleManager: Display: Found up-to-date module file ../../../Engine/Plugins/Online/OnlineSubsystem/Binaries/Win64/UE4Editor-OnlineSubsystem.dll (API version 3944462).
LogModuleManager: Display: Found up-to-date module file ../../../Engine/Plugins/Online/OnlineSubsystemNull/Binaries/Win64/UE4Editor-OnlineSubsystemNull.dll (API version 3944462).
LogModuleManager: Display: Found up-to-date module file ../../../Engine/Plugins/Online/OnlineSubsystemUtils/Binaries/Win64/UE4Editor-OnlineSubsystemUtils.dll (API version 3944462).
LogModuleManager: Display: Found up-to-date module file ../../../Engine/Plugins/Online/OnlineSubsystemUtils/Binaries/Win64/UE4Editor-OnlineBlueprintSupport.dll (API version 3944462).
LogModuleManager: Display: Found up-to-date module file ../../../Engine/Plugins/Runtime/AndroidDeviceProfileSelector/Binaries/Win64/UE4Editor-AndroidDeviceProfileSelector.dll (API version 3944462).
LogModuleManager: Display: Found up-to-date module file ../../../Engine/Plugins/Runtime/AndroidPermission/Binaries/Win64/UE4Editor-AndroidPermission.dll (API version 3944462).
LogModuleManager: Display: Found up-to-date module file ../../../Engine/Plugins/Runtime/AppleARKit/Binaries/Win64/UE4Editor-AppleARKit.dll (API version 3944462).
LogModuleManager: Display: Found up-to-date module file ../../../Engine/Plugins/Runtime/ArchVisCharacter/Binaries/Win64/UE4Editor-ArchVisCharacter.dll (API version 3944462).
LogModuleManager: Display: Found up-to-date module file ../../../Engine/Plugins/Runtime/AudioCapture/Binaries/Win64/UE4Editor-AudioCapture.dll (API version 3944462).
LogModuleManager: Display: Found up-to-date module file ../../../Engine/Plugins/Runtime/AudioCapture/Binaries/Win64/UE4Editor-AudioCaptureEditor.dll (API version 3944462).
LogModuleManager: Display: Found up-to-date module file ../../../Engine/Plugins/Runtime/CableComponent/Binaries/Win64/UE4Editor-CableComponent.dll (API version 3944462).
LogModuleManager: Display: Found up-to-date module file ../../../Engine/Plugins/Runtime/CustomMeshComponent/Binaries/Win64/UE4Editor-CustomMeshComponent.dll (API version 3944462).
LogModuleManager: Display: Found up-to-date module file ../../../Engine/Plugins/Runtime/ExampleDeviceProfileSelector/Binaries/Win64/UE4Editor-ExampleDeviceProfileSelector.dll (API version 3944462).
LogModuleManager: Display: Found up-to-date module file ../../../Engine/Plugins/Runtime/ImmediatePhysics/Binaries/Win64/UE4Editor-ImmediatePhysics.dll (API version 3944462).
LogModuleManager: Display: Found up-to-date module file ../../../Engine/Plugins/Runtime/ImmediatePhysics/Binaries/Win64/UE4Editor-ImmediatePhysicsEditor.dll (API version 3944462).
LogModuleManager: Display: Found up-to-date module file ../../../Engine/Plugins/Runtime/LocationServicesBPLibrary/Binaries/Win64/UE4Editor-LocationServicesBPLibrary.dll (API version 3944462).
LogModuleManager: Display: Found up-to-date module file ../../../Engine/Plugins/Runtime/MobilePatchingUtils/Binaries/Win64/UE4Editor-MobilePatchingUtils.dll (API version 3944462).
LogModuleManager: Display: Found up-to-date module file ../../../Engine/Plugins/Runtime/Oculus/OculusVR/Binaries/Win64/UE4Editor-OculusHMD.dll (API version 3944462).
LogModuleManager: Display: Found up-to-date module file ../../../Engine/Plugins/Runtime/Oculus/OculusVR/Binaries/Win64/UE4Editor-OculusInput.dll (API version 3944462).
LogModuleManager: Display: Found up-to-date module file ../../../Engine/Plugins/Runtime/Oculus/OculusVR/Binaries/Win64/UE4Editor-OculusEditor.dll (API version 3944462).
LogModuleManager: Display: Found up-to-date module file ../../../Engine/Plugins/Runtime/PhysXVehicles/Binaries/Win64/UE4Editor-PhysXVehicles.dll (API version 3944462).
LogModuleManager: Display: Found up-to-date module file ../../../Engine/Plugins/Runtime/PhysXVehicles/Binaries/Win64/UE4Editor-PhysXVehiclesEditor.dll (API version 3944462).
LogModuleManager: Display: Found up-to-date module file ../../../Engine/Plugins/Runtime/ProceduralMeshComponent/Binaries/Win64/UE4Editor-ProceduralMeshComponent.dll (API version 3944462).
LogModuleManager: Display: Found up-to-date module file ../../../Engine/Plugins/Runtime/ProceduralMeshComponent/Binaries/Win64/UE4Editor-ProceduralMeshComponentEditor.dll (API version 3944462).
LogModuleManager: Display: Found up-to-date module file ../../../Engine/Plugins/Runtime/RuntimePhysXCooking/Binaries/Win64/UE4Editor-RuntimePhysXCooking.dll (API version 3944462).
LogModuleManager: Display: Found up-to-date module file ../../../Engine/Plugins/Runtime/Steam/SteamVR/Binaries/Win64/UE4Editor-SteamVR.dll (API version 3944462).
LogModuleManager: Display: Found up-to-date module file ../../../Engine/Plugins/Runtime/Steam/SteamVR/Binaries/Win64/UE4Editor-SteamVRController.dll (API version 3944462).
LogModuleManager: Display: Found up-to-date module file ../../../Engine/Plugins/Runtime/WindowsMoviePlayer/Binaries/Win64/UE4Editor-WindowsMoviePlayer.dll (API version 3944462).
LogInit: Using libcurl 7.47.1
LogInit:  - built for x86_64-pc-win32
LogInit:  - supports SSL with OpenSSL/1.0.2g
LogInit:  - supports HTTP deflate (compression) using libz 1.2.8
LogInit:  - other features:
LogInit:      CURL_VERSION_SSL
LogInit:      CURL_VERSION_LIBZ
LogInit:      CURL_VERSION_IPV6
LogInit:      CURL_VERSION_ASYNCHDNS
LogInit:      CURL_VERSION_LARGEFILE
LogInit:      CURL_VERSION_IDN
LogInit:  CurlRequestOptions (configurable via config and command line):
LogInit:  - bVerifyPeer = false  - Libcurl will NOT verify peer certificate
LogInit:  - bUseHttpProxy = false  - Libcurl will NOT use HTTP proxy
LogInit:  - bDontReuseConnections = false  - Libcurl will reuse connections
LogInit:  - CertBundlePath = nullptr  - Libcurl will use whatever was configured at build time.
LogInit:  - MaxHostConnections = 16  - Libcurl will limit the number of connections to a host
LogInit:  - LocalHostAddr = Default
LogInit: WinSock: version 1.1 (2.2), MaxSocks=32767, MaxUdp=65467
LogInit: WinSock: I am BarryTheChoppa (192.168.0.2:0)
LogInit: Build: ++UE4+Release-4.19-CL-3989454
LogInit: Engine Version: 4.19.1-3989454+++UE4+Release-4.19
LogInit: Compatible Engine Version: 4.19.0-3944462+++UE4+Release-4.19
LogInit: Net CL: 3944462
LogDevObjectVersion: Number of dev versions registered: 18
LogDevObjectVersion:   Dev-Blueprints (B0D832E4-1F89-4F0D-ACCF-7EB736FD4AA2): 10
LogDevObjectVersion:   Dev-Build (E1C64328-A22C-4D53-A36C-8E866417BD8C): 0
LogDevObjectVersion:   Dev-Core (375EC13C-06E4-48FB-B500-84F0262A717E): 2
LogDevObjectVersion:   Dev-Editor (E4B068ED-F494-42E9-A231-DA0B2E46BB41): 23
LogDevObjectVersion:   Dev-Framework (CFFC743F-43B0-4480-9391-14DF171D2073): 33
LogDevObjectVersion:   Dev-Mobile (B02B49B5-BB20-44E9-A304-32B752E40360): 2
LogDevObjectVersion:   Dev-Networking (A4E4105C-59A1-49B5-A7C5-40C4547EDFEE): 0
LogDevObjectVersion:   Dev-Online (39C831C9-5AE6-47DC-9A44-9C173E1C8E7C): 0
LogDevObjectVersion:   Dev-Physics (78F01B33-EBEA-4F98-B9B4-84EACCB95AA2): 0
LogDevObjectVersion:   Dev-Platform (6631380F-2D4D-43E0-8009-CF276956A95A): 0
LogDevObjectVersion:   Dev-Rendering (12F88B9F-8875-4AFC-A67C-D90C383ABD29): 25
LogDevObjectVersion:   Dev-Sequencer (7B5AE74C-D270-4C10-A958-57980B212A5A): 6
LogDevObjectVersion:   Dev-VR (D7296918-1DD6-4BDD-9DE2-64A83CC13884): 1
LogDevObjectVersion:   Dev-LoadTimes (C2A15278-BFE7-4AFE-6C17-90FF531DF755): 1
LogDevObjectVersion:   Private-Geometry (6EACA3D4-40EC-4CC1-B786-8BED09428FC5): 2
LogDevObjectVersion:   Dev-AnimPhys (29E575DD-E0A3-4627-9D10-D276232CDCEA): 16
LogDevObjectVersion:   Dev-ReflectionCapture (6B266CEC-1EC7-4B8F-A30B-E4D90942FC07): 1
LogDevObjectVersion:   Dev-Automation (0DF73D61-A23F-47EA-B727-89E90C41499A): 1
LogInit: Compiled (64-bit): Apr  6 2018 12:26:04
LogInit: Compiled with Visual C++: 19.00.24215.01
LogInit: Build Configuration: Development
LogInit: Branch Name: ++UE4+Release-4.19
LogInit: Command Line: 
LogInit: Base Directory: C:/Program Files/Epic Games/UE_4.19/Engine/Binaries/Win64/
LogInit: Installed Engine Build: 1
LogStreaming: Display: Took  0.000s to delete old logs.
LogInit: Presizing for max 8388607 objects, including 0 objects not considered by GC, pre-allocating 0 bytes for permanent pool.
LogInit: Object subsystem initialized
[2018.06.23-03.30.09:120][  0]LogInit: Selected Device Profile: [Windows]
[2018.06.23-03.30.09:120][  0]LogInit: Applying CVar settings loaded from the selected device profile: [Windows]
[2018.06.23-03.30.09:164][  0]LogInit: Computer: BARRYTHECHOPPA
[2018.06.23-03.30.09:164][  0]LogInit: User: Jerry
[2018.06.23-03.30.09:164][  0]LogInit: CPU Page size=4096, Cores=4
[2018.06.23-03.30.09:164][  0]LogInit: High frequency timer resolution =3.429460 MHz
[2018.06.23-03.30.09:164][  0]LogMemory: Memory total: Physical=7.9GB (8GB approx)
[2018.06.23-03.30.09:164][  0]LogMemory: Platform Memory Stats for Windows
[2018.06.23-03.30.09:164][  0]LogMemory: Process Physical Memory: 278.12 MB used, 278.12 MB peak
[2018.06.23-03.30.09:164][  0]LogMemory: Process Virtual Memory: 265.37 MB used, 265.37 MB peak
[2018.06.23-03.30.09:164][  0]LogMemory: Physical Memory: 5078.45 MB used,  3010.16 MB free, 8088.61 MB total
[2018.06.23-03.30.09:164][  0]LogMemory: Virtual Memory: 4859.83 MB used,  3010.16 MB free, 134217728.00 MB total
[2018.06.23-03.30.09:191][  0]LogInit: Using OS detected language (en-US).
[2018.06.23-03.30.09:191][  0]LogInit: Using OS detected locale (en-US).
[2018.06.23-03.30.09:196][  0]LogTextLocalizationManager: No specific localization for 'en-US' exists, so the 'en' localization will be used.
[2018.06.23-03.30.09:803][  0]LogStreaming: Display: Took  0.612s to EndInitTextLocalization.
[2018.06.23-03.30.09:803][  0]LogInit: Setting process to per monitor DPI aware
[2018.06.23-03.30.09:859][  0]LogSlate: New Slate User Created.  User Index 0, Is Virtual User: 0
[2018.06.23-03.30.09:859][  0]LogSlate: Slate User Registered.  User Index 0, Is Virtual User: 0
[2018.06.23-03.30.10:141][  0]LogD3D11RHI: D3D11 adapters:
[2018.06.23-03.30.10:228][  0]LogD3D11RHI:    0. 'NVIDIA GeForce GTX 1070' (Feature Level 11_0)
[2018.06.23-03.30.10:228][  0]LogD3D11RHI:       8096/0/4044 MB DedicatedVideo/DedicatedSystem/SharedSystem, Outputs:2, VendorId:0x10de
[2018.06.23-03.30.10:230][  0]LogD3D11RHI:    1. 'Microsoft Basic Render Driver' (Feature Level 11_0)
[2018.06.23-03.30.10:230][  0]LogD3D11RHI:       0/0/4044 MB DedicatedVideo/DedicatedSystem/SharedSystem, Outputs:0, VendorId:0x1414
[2018.06.23-03.30.10:230][  0]LogD3D11RHI: Chosen D3D11 Adapter: 0
[2018.06.23-03.30.10:242][  0]LogD3D11RHI: Creating new Direct3DDevice
[2018.06.23-03.30.10:242][  0]LogD3D11RHI:     GPU DeviceId: 0x1b81 (for the marketing name, search the web for "GPU Device Id")
[2018.06.23-03.30.10:242][  0]LogWindows: EnumDisplayDevices:
[2018.06.23-03.30.10:242][  0]LogWindows:    0. 'NVIDIA GeForce GTX 1070' (P:1 D:1)
[2018.06.23-03.30.10:242][  0]LogWindows:    1. 'NVIDIA GeForce GTX 1070' (P:0 D:1)
[2018.06.23-03.30.10:243][  0]LogWindows:    2. 'NVIDIA GeForce GTX 1070' (P:0 D:0)
[2018.06.23-03.30.10:243][  0]LogWindows:    3. 'NVIDIA GeForce GTX 1070' (P:0 D:0)
[2018.06.23-03.30.10:243][  0]LogWindows: DebugString: GetVideoDriverDetailsInvalid PrimaryIsNotTheChoosenAdapter GetVideoDriverDetailsInvalid PrimaryIsNotTheChoosenAdapter GetVideoDriverDetailsInvalid PrimaryIsNotTheChoosenAdapter GetVideoDriverDetailsInvalid PrimaryIsNotTheChoosenAdapter FoundDriverCount:0 
[2018.06.23-03.30.10:243][  0]LogD3D11RHI:     Adapter Name: NVIDIA GeForce GTX 1070
[2018.06.23-03.30.10:243][  0]LogD3D11RHI:   Driver Version: Unknown (internal:Unknown, unified:Unknown)
[2018.06.23-03.30.10:243][  0]LogD3D11RHI:      Driver Date: Unknown
[2018.06.23-03.30.10:243][  0]LogRHI: Texture pool is 5667 MB (70% of 8096 MB)
[2018.06.23-03.30.10:293][  0]LogD3D11RHI: [Aftermath] Aftermath enabled but failed to initialize
[2018.06.23-03.30.10:293][  0]LogD3D11RHI: [Aftermath] Aftermath enabled and primed
[2018.06.23-03.30.10:293][  0]LogD3D11RHI: Async texture creation enabled
[2018.06.23-03.30.10:349][  0]LogD3D11RHI: GPU Timing Frequency: 1000.000000 (Debug: 2 1)
[2018.06.23-03.30.10:401][  0]LogShaderCompilers: Guid format shader working directory is -18 characters bigger than the processId version (D:/Users/Jerry/Documents/repos/03_BuildingEscape/BuildingEscape/Intermediate/Shaders/WorkingDirectory/17864/).
[2018.06.23-03.30.10:401][  0]LogShaderCompilers: Cleaned the shader compiler working directory 'C:/Users/Jerry/AppData/Local/Temp/UnrealShaderWorkingDir/456140684C5F4E436CB62697854D1B09/'.
[2018.06.23-03.30.10:687][  0]LogTemp: Display: Loaded TP AllDesktopTargetPlatform
[2018.06.23-03.30.10:710][  0]LogTemp: Display: Loaded TP MacClientTargetPlatform
[2018.06.23-03.30.10:733][  0]LogTemp: Display: Loaded TP MacNoEditorTargetPlatform
[2018.06.23-03.30.10:756][  0]LogTemp: Display: Loaded TP MacServerTargetPlatform
[2018.06.23-03.30.10:780][  0]LogTemp: Display: Loaded TP MacTargetPlatform
[2018.06.23-03.30.10:803][  0]LogTemp: Display: Loaded TP WindowsClientTargetPlatform
[2018.06.23-03.30.10:827][  0]LogTemp: Display: Loaded TP WindowsNoEditorTargetPlatform
[2018.06.23-03.30.10:850][  0]LogTemp: Display: Loaded TP WindowsServerTargetPlatform
[2018.06.23-03.30.10:862][  0]LogTemp: Display: Loaded TP WindowsTargetPlatform
[2018.06.23-03.30.10:882][  0]LogTemp: Display: Loaded TP Android_ASTCTargetPlatform
[2018.06.23-03.30.10:902][  0]LogTemp: Display: Loaded TP Android_ATCTargetPlatform
[2018.06.23-03.30.10:921][  0]LogTemp: Display: Loaded TP Android_DXTTargetPlatform
[2018.06.23-03.30.10:942][  0]LogTemp: Display: Loaded TP Android_ETC1aTargetPlatform
[2018.06.23-03.30.10:962][  0]LogTemp: Display: Loaded TP Android_ETC1TargetPlatform
[2018.06.23-03.30.10:983][  0]LogTemp: Display: Loaded TP Android_ETC2TargetPlatform
[2018.06.23-03.30.11:023][  0]LogTemp: Display: Loaded TP Android_MultiTargetPlatform
[2018.06.23-03.30.11:023][  0]LogTemp: Display: Loaded TP Android_PVRTCTargetPlatform
[2018.06.23-03.30.11:045][  0]LogTemp: Display: Loaded TP AndroidTargetPlatform
[2018.06.23-03.30.11:045][  0]LogTemp: Display: Loaded TP HTML5TargetPlatform
[2018.06.23-03.30.11:094][  0]LogTemp: Display: Loaded TP IOSTargetPlatform
[2018.06.23-03.30.11:113][  0]LogTemp: Display: Loaded TP TVOSTargetPlatform
[2018.06.23-03.30.11:133][  0]LogTemp: Display: Loaded TP LinuxClientTargetPlatform
[2018.06.23-03.30.11:152][  0]LogTemp: Display: Loaded TP LinuxNoEditorTargetPlatform
[2018.06.23-03.30.11:172][  0]LogTemp: Display: Loaded TP LinuxServerTargetPlatform
[2018.06.23-03.30.11:194][  0]LogTemp: Display: Loaded TP LinuxTargetPlatform
[2018.06.23-03.30.11:194][  0]LogTargetPlatformManager: Display: Building Assets For Windows
[2018.06.23-03.30.11:400][  0]LogXGEController: Cannot use XGE Controller as Incredibuild is not installed on this machine.
[2018.06.23-03.30.11:400][  0]LogShaderCompilers: Cannot use XGE Shader Compiler as Incredibuild is not installed on this machine.
[2018.06.23-03.30.11:400][  0]LogShaderCompilers: Display: Using Local Shader Compiler.
[2018.06.23-03.30.12:576][  0]LogDerivedDataCache: Display: Max Cache Size: 512 MB
[2018.06.23-03.30.12:753][  0]LogDerivedDataCache: Loaded boot cache 0.18s 76MB C:/Users/Jerry/AppData/Local/UnrealEngine/4.19/DerivedDataCache/Boot.ddc.
[2018.06.23-03.30.12:753][  0]LogDerivedDataCache: Display: Loaded Boot cache: C:/Users/Jerry/AppData/Local/UnrealEngine/4.19/DerivedDataCache/Boot.ddc
[2018.06.23-03.30.12:753][  0]LogDerivedDataCache: FDerivedDataBackendGraph:  Pak pak cache file D:/Users/Jerry/Documents/repos/03_BuildingEscape/BuildingEscape/DerivedDataCache/DDC.ddp not found, will not use a pak cache.
[2018.06.23-03.30.12:753][  0]LogDerivedDataCache: Unable to find inner node Pak for hierarchical cache Hierarchy.
[2018.06.23-03.30.12:753][  0]LogDerivedDataCache: FDerivedDataBackendGraph:  CompressedPak pak cache file D:/Users/Jerry/Documents/repos/03_BuildingEscape/BuildingEscape/DerivedDataCache/Compressed.ddp not found, will not use a pak cache.
[2018.06.23-03.30.12:753][  0]LogDerivedDataCache: Unable to find inner node CompressedPak for hierarchical cache Hierarchy.
[2018.06.23-03.30.12:776][  0]LogDerivedDataCache: Display: Pak cache opened for reading ../../../Engine/DerivedDataCache/Compressed.ddp.
[2018.06.23-03.30.12:790][  0]LogDerivedDataCache: Using Local data cache path C:/Users/Jerry/AppData/Local/UnrealEngine/Common/DerivedDataCache: Writable
[2018.06.23-03.30.12:810][  0]LogMaterial: Verifying Global Shaders for PCD3D_SM5
[2018.06.23-03.30.12:810][  0]LogSlate: Using Freetype 2.6.0
[2018.06.23-03.30.12:811][  0]LogSlate: SlateFontCache - WITH_FREETYPE: 1, WITH_HARFBUZZ: 1
[2018.06.23-03.30.12:811][  0]LogSlate: SlateFontCache - WITH_FREETYPE: 1, WITH_HARFBUZZ: 1
[2018.06.23-03.30.13:007][  0]LogAssetRegistry: FAssetRegistry took 0.0293 seconds to start up
[2018.06.23-03.30.13:548][  0]LogInit: Selected Device Profile: [Windows]
[2018.06.23-03.30.13:777][  0]LogSimplygon: Simplygon DLL not present - disabling.
[2018.06.23-03.30.13:782][  0]LogMeshReduction: Using SimplygonSwarm for distributed automatic mesh merging
[2018.06.23-03.30.13:782][  0]LogMeshReduction: Using QuadricMeshReduction for automatic static mesh reduction
[2018.06.23-03.30.13:782][  0]LogMeshReduction: No automatic skeletal mesh reduction module available
[2018.06.23-03.30.13:782][  0]LogMeshReduction: No automatic mesh merging module available
[2018.06.23-03.30.13:782][  0]LogMeshMerging: No automatic mesh merging module available
[2018.06.23-03.30.13:847][  0]LogNetVersion: BuildingEscape , NetCL: 3944462, EngineNetVer: 2, GameNetVer: 0 (Checksum: 4285820645)
[2018.06.23-03.30.14:582][  0]LogPackageLocalizationCache: Processed 9 localized package path(s) for 2 prioritized culture(s) in 0.119160 seconds
[2018.06.23-03.30.14:590][  0]LogUObjectArray: 36728 objects as part of root set at end of initial load.
[2018.06.23-03.30.14:590][  0]LogUObjectAllocator: 7314312 out of 0 bytes used by permanent object pool.
[2018.06.23-03.30.14:590][  0]LogUObjectArray: CloseDisregardForGC: 0/0 objects in disregard for GC pool
[2018.06.23-03.30.17:190][  0]LogTcpMessaging: Initializing TcpMessaging bridge
[2018.06.23-03.30.17:239][  0]LogUdpMessaging: Initializing bridge on interface 0.0.0.0:0 to multicast group 230.0.0.1:6666.
[2018.06.23-03.30.17:915][  0]SourceControl: Source control is disabled
[2018.06.23-03.30.17:915][  0]SourceControl: Source control is disabled
[2018.06.23-03.30.17:950][  0]SourceControl: Source control is disabled
[2018.06.23-03.30.17:985][  0]SourceControl: Source control is disabled
[2018.06.23-03.30.18:833][  0]LogAndroidPermission: UAndroidPermissionCallbackProxy::GetInstance
[2018.06.23-03.30.19:210][  0]LogOcInput: OculusInput pre-init called
[2018.06.23-03.30.19:389][  0]LogEngine: Initializing Engine...
[2018.06.23-03.30.20:112][  0]LogHMD: SteamVR initialized.  Driver: lighthouse  Display: LHR-37EA19E6
[2018.06.23-03.30.20:114][  0]LogStats: UGameplayTagsManager::ConstructGameplayTagTree: Construct from data asset -  0.000 s
[2018.06.23-03.30.20:114][  0]LogStats: UGameplayTagsManager::ConstructGameplayTagTree: GameplayTagTreeChangedEvent.Broadcast -  0.000 s
[2018.06.23-03.30.20:628][  0]LogAIModule: Creating AISystem for world Untitled
[2018.06.23-03.30.21:657][  0]LogInit: XAudio2 using 'Speakers (Realtek High Definition Audio)' : 2 channels at 48 kHz using 32 bits per sample (channel mask 0x3)
[2018.06.23-03.30.21:715][  0]LogInit: FAudioDevice initialized.
[2018.06.23-03.30.21:852][  0]LogDerivedDataCache: Saved boot cache 0.14s 76MB C:/Users/Jerry/AppData/Local/UnrealEngine/4.19/DerivedDataCache/Boot.ddc.
[2018.06.23-03.30.21:895][  0]LogInit: Texture streaming: Enabled
[2018.06.23-03.30.21:929][  0]LogEngineSessionManager: EngineSessionManager initialized
[2018.06.23-03.30.21:961][  0]LogInit: Transaction tracking system initialized
[2018.06.23-03.30.22:012][  0]BlueprintLog: New page: Editor Load
[2018.06.23-03.30.22:197][  0]LocalizationService: Localization service is disabled
[2018.06.23-03.30.22:429][  0]LogConsoleResponse: Display: 
[2018.06.23-03.30.22:731][  0]LogCook: Display: Max memory allowance for cook 16384mb min free memory 0mb
[2018.06.23-03.30.22:732][  0]LogCook: Display: Mobile HDR setting 1
[2018.06.23-03.30.22:732][  0]LogGameplayTags: Display: UGameplayTagsManager::DoneAddingNativeTags. DelegateIsBound: 0
[2018.06.23-03.30.22:732][  0]LogStats: UGameplayTagsManager::ConstructGameplayTagTree: Construct from data asset -  0.000 s
[2018.06.23-03.30.22:732][  0]LogStats: UGameplayTagsManager::ConstructGameplayTagTree: GameplayTagTreeChangedEvent.Broadcast -  0.000 s
[2018.06.23-03.30.23:688][  0]LogFileCache: Scanning file cache for directory 'D:/Users/Jerry/Documents/repos/03_BuildingEscape/BuildingEscape/Content/' took 0.02s
[2018.06.23-03.30.23:688][  0]SourceControl: Source control is disabled
[2018.06.23-03.30.23:688][  0]Cmd: MAP LOAD FILE="D:/Users/Jerry/Documents/repos/03_BuildingEscape/BuildingEscape/Content/NewMap.umap" TEMPLATE=0 SHOWPROGRESS=1 FEATURELEVEL=3
[2018.06.23-03.30.23:689][  0]LightingResults: New page: Lighting Build
[2018.06.23-03.30.23:695][  0]MapCheck: New page: Map Check
[2018.06.23-03.30.23:695][  0]LightingResults: New page: Lighting Build
[2018.06.23-03.30.24:186][  0]LogAIModule: Creating AISystem for world NewMap
[2018.06.23-03.30.24:194][  0]LogEditorServer: Finished looking for orphan Actors (0.000 secs)
[2018.06.23-03.30.24:230][  0]Cmd: MAP CHECKDEP NOCLEARLOG
[2018.06.23-03.30.24:342][  0]MapCheck: Map check complete: 0 Error(s), 0 Warning(s), took 111.939ms to complete.
[2018.06.23-03.30.24:342][  0]LogFileHelpers: Loading map 'NewMap' took 0.654
[2018.06.23-03.30.24:759][  0]LogCollectionManager: Loaded 0 collections in 0.004856 seconds
[2018.06.23-03.30.24:846][  0]LogFileCache: Scanning file cache for directory 'D:/Users/Jerry/Documents/repos/03_BuildingEscape/BuildingEscape/Saved/Collections/' took 0.01s
[2018.06.23-03.30.24:846][  0]LogFileCache: Scanning file cache for directory 'D:/Users/Jerry/Documents/repos/03_BuildingEscape/BuildingEscape/Content/Developers/Jerry/Collections/' took 0.01s
[2018.06.23-03.30.24:846][  0]LogFileCache: Scanning file cache for directory 'D:/Users/Jerry/Documents/repos/03_BuildingEscape/BuildingEscape/Content/Collections/' took 0.01s
[2018.06.23-03.30.24:847][  0]LogCollectionManager: Rebuilt the GUID cache for 0 collections in 0.000001 seconds
[2018.06.23-03.30.24:869][  0]LogContentBrowser: Native class hierarchy populated in 0.0204 seconds. Added 2453 classes and 560 folders.
[2018.06.23-03.30.24:895][  0]LogContentBrowser: Native class hierarchy updated for 'WidgetCarousel' in 0.0013 seconds. Added 0 classes and 0 folders.
[2018.06.23-03.30.25:489][  0]LogContentBrowser: Native class hierarchy updated for 'AddContentDialog' in 0.0010 seconds. Added 0 classes and 0 folders.
[2018.06.23-03.30.25:512][  0]LogContentBrowser: Native class hierarchy updated for 'SceneOutliner' in 0.0008 seconds. Added 1 classes and 2 folders.
[2018.06.23-03.30.25:648][  0]LogSlate: Took 0.000441 seconds to synchronously load lazily loaded font '../../../Engine/Content/Slate/Fonts/Roboto-Regular.ttf' (155K)
[2018.06.23-03.30.25:652][  0]LogSlate: Took 0.000432 seconds to synchronously load lazily loaded font '../../../Engine/Content/Slate/Fonts/Roboto-Bold.ttf' (160K)
[2018.06.23-03.30.25:679][  0]LogSlate: Took 0.010479 seconds to synchronously load lazily loaded font '../../../Engine/Content/Editor/Slate/Fonts/FontAwesome.ttf' (139K)
[2018.06.23-03.30.25:955][  0]LogRenderer: Reallocating scene render targets to support 1208x576 Format 10 NumSamples 1 (Frame:1).
[2018.06.23-03.30.26:140][  0]LogSlate: Took 0.010291 seconds to synchronously load lazily loaded font '../../../Engine/Content/Slate/Fonts/Roboto-Light.ttf' (167K)
[2018.06.23-03.30.26:362][  0]LogContentBrowser: Native class hierarchy updated for 'HierarchicalLODOutliner' in 0.0009 seconds. Added 0 classes and 0 folders.
[2018.06.23-03.30.26:363][  0]LogLoad: (Engine Initialization) Total time: 88.23 seconds
[2018.06.23-03.30.26:363][  0]LogLoad: (Engine Initialization) Total Blueprint compile time: 0.00 seconds
[2018.06.23-03.30.26:404][  0]LogWindowsTextInputMethodSystem: Display: IME system now deactivated.
[2018.06.23-03.30.26:428][  0]LogContentStreaming: Texture pool size now 1000 MB
[2018.06.23-03.30.26:611][  2]LogAssetRegistry: Asset discovery search completed in 13.6261 seconds
[2018.06.23-03.30.26:615][  2]LogCollectionManager: Rebuilt the object cache for 0 collections in 0.000001 seconds (found 0 objects)
[2018.06.23-03.30.26:615][  2]LogCollectionManager: Fixed up redirectors for 0 collections in 0.000125 seconds (updated 0 objects)
[2018.06.23-03.30.45:300][827]LogEditorViewport: Clicking on Actor (LMB): BP_Sky_Sphere_C (Sky Sphere)
[2018.06.23-03.30.52:730][433]LogSlate: FSceneViewport::OnFocusLost() reason 0
[2018.06.23-03.32.11:820][791]LogEditorViewport: Clicking on Actor (LMB): StaticMeshActor (SM_Chair)
[2018.06.23-03.32.15:006][940]LogEditorViewport: Clicking on Actor (LMB): StaticMeshActor (SM_Chair)
[2018.06.23-03.32.19:594][339]LogSlate: FSceneViewport::OnFocusLost() reason 2
[2018.06.23-03.32.29:449][ 95]MapCheck: New page: Map Check
[2018.06.23-03.32.29:482][ 95]Cmd: MAP REBUILD ALLVISIBLE
[2018.06.23-03.32.29:483][ 95]LogEditorServer: Rebuildmap Clear paths rebuilt
[2018.06.23-03.32.29:569][ 95]LogMaterial: Missing cached shader map for material FDebugViewModeMaterialProxy WorldGridMaterial, compiling. Is special engine material.
[2018.06.23-03.32.29:591][ 95]LogMaterial: Missing cached shader map for material FDebugViewModeMaterialProxy DefaultMaterial, compiling. 
[2018.06.23-03.32.29:597][ 95]LogShaderCompilers: Display: Shaders left to compile 1
[2018.06.23-03.32.29:597][ 95]LogMaterial: Missing cached shader map for material FDebugViewModeMaterialProxy MaterialInstanceDynamic_1, compiling. 
[2018.06.23-03.32.29:605][ 95]LogMaterial: Missing cached shader map for material FDebugViewModeMaterialProxy M_Chair, compiling. 
[2018.06.23-03.32.30:888][ 95]LogShaderCompilers: Display: Shaders left to compile 3
[2018.06.23-03.32.30:888][ 95]LogShaderCompilers: Display: Shaders left to compile 2
[2018.06.23-03.32.30:888][ 95]LogShaderCompilers: Display: Shaders left to compile 1
[2018.06.23-03.32.30:888][ 95]TextureStreamingBuild: Display: Compiling optional shaders took 1.327 seconds.
[2018.06.23-03.32.30:916][ 95]LogLevel: Display: Export Material TexCoord Scales took 0.028 seconds.
[2018.06.23-03.32.30:922][ 95]TextureStreamingBuild: Display: Build Texture Streaming took 0.005 seconds.
[2018.06.23-03.32.30:962][ 95]LightingResults: New page: Lighting Build - Jun 22, 2018, 7:32:30 PM
[2018.06.23-03.32.31:097][ 95]LogSwarmInterface: [OpenConnection] Registering TCP channel ...
[2018.06.23-03.32.31:326][ 95]LogSwarmInterface: [OpenConnection] Connecting to agent ...
[2018.06.23-03.32.31:349][ 95]LogSwarmInterface: [TryOpenConnection] Testing the Agent
[2018.06.23-03.32.32:382][ 95]LogSwarmInterface: [TryOpenConnection] Opening Connection to Agent
[2018.06.23-03.32.32:382][ 95]LogSwarmInterface: [TryOpenConnection] Local Process ID is 17864
[2018.06.23-03.32.35:598][ 95]LogStaticLightingSystem: Warning: No importance volume found, so the scene bounding box was used.  You can optimize your scene's quality and lighting build times by adding importance volumes.
[2018.06.23-03.32.35:598][ 95]LogStaticLightingSystem: Running Lightmass w/ ImmediateImport mode ENABLED
[2018.06.23-03.32.35:598][ 95]LogStaticLightingSystem: Running Lightmass w/ ImmediateProcess mode ENABLED
[2018.06.23-03.32.35:598][ 95]LogStaticLightingSystem: Running Lightmass w/ Sorting mode ENABLED
[2018.06.23-03.32.35:598][ 95]LogStaticLightingSystem: Running Lightmass w/ Mapping paddings ENABLED
[2018.06.23-03.32.35:598][ 95]LogStaticLightingSystem: Running Lightmass w/ Mapping debug paddings DISABLED
[2018.06.23-03.32.35:880][ 95]Cmd: MAP CHECK DONTDISPLAYDIALOG
[2018.06.23-03.32.35:880][ 95]MapCheck: New page: NewMap - Jun 22, 2018, 7:32:35 PM
[2018.06.23-03.32.35:881][ 95]MapCheck: Error: WorldSettings_1 Maps need lighting rebuilt 
[2018.06.23-03.32.35:976][ 95]MapCheck: Map check complete: 1 Error(s), 0 Warning(s), took 96.44ms to complete.
[2018.06.23-03.32.36:000][ 95]LogEditorBuildUtils: Build time 0:06
[2018.06.23-03.32.36:054][ 95]LogMaterial: Missing cached shader map for material FLightmassMaterialRenderer DefaultMaterial, compiling. 
[2018.06.23-03.32.36:064][ 95]LogShaderCompilers: Display: Shaders left to compile 2
[2018.06.23-03.32.36:064][ 95]LogMaterial: Missing cached shader map for material FLightmassMaterialRenderer DefaultMaterial, compiling. 
[2018.06.23-03.32.36:123][ 95]LogShaderCompilers: Display: Shaders left to compile 2
[2018.06.23-03.32.36:167][ 96]LogMaterial: Missing cached shader map for material FLightmassMaterialRenderer MaterialInstanceDynamic_1, compiling. 
[2018.06.23-03.32.36:174][ 96]LogShaderCompilers: Display: Shaders left to compile 2
[2018.06.23-03.32.36:174][ 96]LogMaterial: Missing cached shader map for material FLightmassMaterialRenderer MaterialInstanceDynamic_1, compiling. 
[2018.06.23-03.32.36:202][ 96]LogShaderCompilers: Display: Shaders left to compile 2
[2018.06.23-03.32.36:235][ 97]LogMaterial: Missing cached shader map for material FLightmassMaterialRenderer M_Chair, compiling. 
[2018.06.23-03.32.36:244][ 97]LogMaterial: Missing cached shader map for material FLightmassMaterialRenderer M_Chair, compiling. 
[2018.06.23-03.32.36:323][ 98]LogMaterial: Missing cached shader map for material FLightmassMaterialRenderer WorldGridMaterial, compiling. Is special engine material.
[2018.06.23-03.32.36:335][ 98]LogMaterial: Missing cached shader map for material FLightmassMaterialRenderer WorldGridMaterial, compiling. Is special engine material.
[2018.06.23-03.32.38:748][100]LogShaderCompilers: Display: Shaders left to compile 8
[2018.06.23-03.32.41:409][171]Job is a success!
[2018.06.23-03.32.41:462][172]LogSlate: Took 0.000358 seconds to synchronously load lazily loaded font '../../../Engine/Content/Slate/Fonts/Roboto-Light.ttf' (167K)
[2018.06.23-03.32.41:514][172]LogVolumetricLightmapImport: Imported Volumetric Lightmap in 0.013s
[2018.06.23-03.32.41:514][172]LogVolumetricLightmapImport:      Indirection Texture 16x16x16 = 0.0Mb
[2018.06.23-03.32.41:514][172]LogVolumetricLightmapImport:      BrickData 30x5x5 = 0.0Mb
[2018.06.23-03.32.41:514][172]LogVolumetricLightmapImport:      Bricks at Level
[2018.06.23-03.32.41:515][172]LogVolumetricLightmapImport:          0: 16.7% covering 100.0% of volume
[2018.06.23-03.32.41:515][172]LogVolumetricLightmapImport:          1: 16.7% covering 1.6% of volume
[2018.06.23-03.32.41:515][172]LogVolumetricLightmapImport:          2: 66.7% covering 0.1% of volume
[2018.06.23-03.32.41:592][172]LogTexture: Display: Building textures: HQ_Lightmap1_1 (AutoDXT, 256X256)
[2018.06.23-03.32.41:592][172]LogTexture: Display: Building textures: HQ_Lightmap1_2 (AutoDXT, 64X64)
[2018.06.23-03.32.41:592][172]LogTexture: Display: Building textures: LQ_Lightmap_1_1 (DXT1, 256X256)
[2018.06.23-03.32.41:592][172]LogTexture: Display: Building textures: LQ_Lightmap_1_2 (DXT1, 64X64)
[2018.06.23-03.32.41:592][172]LogTexture: Display: Building textures: ShadowMapTexture2D_3 (G8, 32X32)
[2018.06.23-03.32.41:592][172]LogTexture: Display: Building textures: ShadowMapTexture2D_2 (G8, 256X128)
[2018.06.23-03.32.41:642][172]Lightmass on BARRYTHECHOPPA: 1.39 sec total, 209 ms importing, 28 ms setup, 395 ms photons, 653 ms processing, 0 ms extra exporting [3/3 mappings]. Threads: 4.40 sec total, 623 ms processing.
[2018.06.23-03.32.41:716][172]LogStaticLightingSystem: Illumination: 10.7 sec (43 ms encoding lightmaps, 16 ms encoding shadowmaps)
[2018.06.23-03.32.41:716][172]LogStaticLightingSystem: Lightmap texture memory:  0.1 MB (0.1 MB streaming, 0.0 MB non-streaming), 4 textures
[2018.06.23-03.32.41:716][172]LogStaticLightingSystem: Shadowmap texture memory: 0.0 MB (0.0 MB streaming, 0.0 MB non-streaming), 2 textures
[2018.06.23-03.32.42:632][172]DumpUnbuiltLightIteractions
[2018.06.23-03.32.42:632][172]Lights with unbuilt interactions: 0
[2018.06.23-03.32.42:632][172]
[2018.06.23-03.32.42:632][172]Primitives with unbuilt interactions: 0
[2018.06.23-03.32.42:645][172]LogSlate: FSceneViewport::OnFocusLost() reason 2
[2018.06.23-03.32.42:738][173]Cmd: MAP CHECK NOTIFYRESULTS
[2018.06.23-03.32.42:738][173]MapCheck: New page: NewMap - Jun 22, 2018, 7:32:42 PM
[2018.06.23-03.32.42:829][173]MapCheck: Map check complete: 0 Error(s), 0 Warning(s), took 90.91ms to complete.
[2018.06.23-03.32.45:077][351]LogSlate: FSceneViewport::OnFocusLost() reason 0
[2018.06.23-03.32.45:152][358]LogSlate: Window 'Message Log' being destroyed
[2018.06.23-03.32.45:158][358]LogSlate: Window 'Message Log' being destroyed
[2018.06.23-03.32.46:254][450]LogEditorViewport: Clicking on Actor (LMB): StaticMeshActor (Floor)
[2018.06.23-03.32.46:898][499]LogEditorViewport: Clicking on Actor (LMB): StaticMeshActor (SM_Chair)
[2018.06.23-03.33.18:016][680]LogSlate: FSceneViewport::OnFocusLost() reason 0
[2018.06.23-03.33.18:771][743]LogSlate: Took 0.008030 seconds to synchronously load lazily loaded font '../../../Engine/Content/Slate/Fonts/Roboto-Italic.ttf' (157K)
[2018.06.23-03.33.44:517][689]LogEditorViewport: Clicking on Actor (LMB): StaticMeshActor (SM_Chair)
[2018.06.23-03.34.03:679][351]LogSlate: FSceneViewport::OnFocusLost() reason 0
[2018.06.23-03.39.16:507][386]LogEditorViewport: Clicking on Actor (LMB): StaticMeshActor (SM_Chair)
[2018.06.23-03.39.17:265][450]Cmd: CAMERA ALIGN ACTIVEVIEWPORTONLY
[2018.06.23-03.40.27:800][793]LogSlate: FSceneViewport::OnFocusLost() reason 2
[2018.06.23-03.40.27:906][793]Cmd: OBJ SAVEPACKAGE PACKAGE="/Game/NewMap" FILE="D:/Users/Jerry/Documents/repos/03_BuildingEscape/BuildingEscape/Saved/Autosaves/Game/NewMap_Auto1.umap" SILENT=true AUTOSAVING=true KEEPDIRTY=false
[2018.06.23-03.40.27:970][793]LogSavePackage: Save=43.62ms
[2018.06.23-03.40.27:970][793]LogSavePackage: Moving 'D:/Users/Jerry/Documents/repos/03_BuildingEscape/BuildingEscape/Saved/NewMap_Auto1DA2A4E4740AB67F701133AA4DA3646D4.tmp' to 'D:/Users/Jerry/Documents/repos/03_BuildingEscape/BuildingEscape/Saved/Autosaves/Game/NewMap_Auto1.umap'
[2018.06.23-03.40.27:973][793]LogSavePackage: Display: Finished SavePackage D:/Users/Jerry/Documents/repos/03_BuildingEscape/BuildingEscape/Saved/Autosaves/Game/NewMap_Auto1.umap
[2018.06.23-03.40.27:977][793]LogFileHelpers: Editor autosave (incl. sublevels) for '/Game/NewMap' took 0.131
[2018.06.23-03.40.27:977][793]LogFileHelpers: Editor autosave (incl. sublevels) for all levels took 0.131
[2018.06.23-03.40.27:979][793]OBJ SavePackage: Generating thumbnails for [0] asset(s) in package [/Game/NewMap_BuiltData] ([1] browsable assets)...
[2018.06.23-03.40.27:979][793]OBJ SavePackage: Finished generating thumbnails for package [/Game/NewMap_BuiltData]
[2018.06.23-03.40.27:979][793]Cmd: OBJ SAVEPACKAGE PACKAGE="/Game/NewMap_BuiltData" FILE="D:/Users/Jerry/Documents/repos/03_BuildingEscape/BuildingEscape/Saved/Autosaves/Game/NewMap_BuiltData_Auto1.uasset" SILENT=false AUTOSAVING=true
[2018.06.23-03.40.28:039][793]LogSavePackage: Save=48.68ms
[2018.06.23-03.40.28:039][793]LogSavePackage: Moving 'D:/Users/Jerry/Documents/repos/03_BuildingEscape/BuildingEscape/Saved/NewMap_BuiltData_Auto1E1BD3E9A4406EE8AF8F600BB46A9B162.tmp' to 'D:/Users/Jerry/Documents/repos/03_BuildingEscape/BuildingEscape/Saved/Autosaves/Game/NewMap_BuiltData_Auto1.uasset'
[2018.06.23-03.40.28:040][793]LogSavePackage: Display: Finished SavePackage D:/Users/Jerry/Documents/repos/03_BuildingEscape/BuildingEscape/Saved/Autosaves/Game/NewMap_BuiltData_Auto1.uasset
[2018.06.23-03.40.28:040][793]LogFileHelpers: Auto-saving content packages took 0.062
[2018.06.23-12.52.22:397][697]LogEditorViewport: Clicking on Actor (LMB): StaticMeshActor (Floor)
[2018.06.23-12.52.31:327][467]LogEditorViewport: Clicking on Actor (LMB): StaticMeshActor (SM_Chair)
[2018.06.23-12.53.29:460][183]Cmd: CAMERA ALIGN ACTIVEVIEWPORTONLY
[2018.06.23-12.53.38:817][977]Cmd: CAMERA ALIGN ACTIVEVIEWPORTONLY
[2018.06.23-12.53.45:888][621]Cmd: CAMERA ALIGN ACTIVEVIEWPORTONLY
[2018.06.23-12.53.51:478][101]LogEditorViewport: Clicking on Actor (LMB): StaticMeshActor (Floor)
[2018.06.23-12.53.52:881][220]Cmd: CAMERA ALIGN ACTIVEVIEWPORTONLY
[2018.06.23-12.54.23:421][914]LogSlate: FSceneViewport::OnFocusLost() reason 0
[2018.06.23-12.54.23:555][925]LogMaterial: Missing cached shader map for material LayerVisMaterial, compiling. 
[2018.06.23-12.54.23:600][925]LogShaderCompilers: Display: Shaders left to compile 8
[2018.06.23-12.54.23:600][925]LogMaterial: Missing cached shader map for material SelectBrushMaterial, compiling. 
[2018.06.23-12.54.23:640][925]LogShaderCompilers: Display: Shaders left to compile 20
[2018.06.23-12.54.23:640][925]LogShaderCompilers: Display: Shaders left to compile 10
[2018.06.23-12.54.23:640][925]LogMaterial: Missing cached shader map for material SelectBrushMaterial, compiling. 
[2018.06.23-12.54.23:697][925]LogShaderCompilers: Display: Shaders left to compile 20
[2018.06.23-12.54.23:697][925]LogMaterial: Missing cached shader map for material MaskBrushMaterial, compiling. 
[2018.06.23-12.54.23:755][925]LogMaterial: Missing cached shader map for material LandscapeLayerUsageMaterial, compiling. 
[2018.06.23-12.54.23:857][925]LogMaterial: Missing cached shader map for material CircleBrushMaterial, compiling. 
[2018.06.23-12.54.23:877][925]LogMaterial: Missing cached shader map for material CircleBrushMaterial, compiling. 
[2018.06.23-12.54.23:901][925]LogMaterial: Missing cached shader map for material CircleBrushMaterial, compiling. 
[2018.06.23-12.54.23:926][925]LogMaterial: Missing cached shader map for material CircleBrushMaterial, compiling. 
[2018.06.23-12.54.23:968][925]LogMaterial: Missing cached shader map for material AlphaBrushMaterial, compiling. 
[2018.06.23-12.54.23:993][925]LogMaterial: Missing cached shader map for material CircleBrushMaterial, compiling. 
[2018.06.23-12.54.24:026][925]LogMaterial: Missing cached shader map for material MaskBrushMaterial, compiling. 
[2018.06.23-12.54.24:056][925]LogTexture: Display: Building textures: Texture2D_2 (G8, 128X128)
[2018.06.23-12.54.27:093][ 45]LogShaderCompilers: Display: Shaders left to compile 178
[2018.06.23-12.54.28:534][117]LogShaderCompilers: Display: Shaders left to compile 168
[2018.06.23-12.54.28:689][125]LogShaderCompilers: Display: Shaders left to compile 158
[2018.06.23-12.54.28:816][132]LogShaderCompilers: Display: Shaders left to compile 148
[2018.06.23-12.54.31:316][253]LogShaderCompilers: Display: Shaders left to compile 138
[2018.06.23-12.54.32:449][308]LogShaderCompilers: Display: Shaders left to compile 128
[2018.06.23-12.54.32:946][331]LogShaderCompilers: Display: Shaders left to compile 118
[2018.06.23-12.54.33:107][340]LogShaderCompilers: Display: Shaders left to compile 108
[2018.06.23-12.54.35:954][461]LogShaderCompilers: Display: Shaders left to compile 98
[2018.06.23-12.54.35:986][461]LogActorFactory: Actor Factory created SM_Rock
[2018.06.23-12.54.36:844][501]LogShaderCompilers: Display: Shaders left to compile 88
[2018.06.23-12.54.37:333][523]LogShaderCompilers: Display: Shaders left to compile 78
[2018.06.23-12.54.37:401][527]LogShaderCompilers: Display: Shaders left to compile 68
[2018.06.23-12.54.39:980][658]LogShaderCompilers: Display: Shaders left to compile 58
[2018.06.23-12.54.40:705][697]LogActorFactory: Actor Factory created SM_Rock
[2018.06.23-12.54.40:934][701]LogShaderCompilers: Display: Shaders left to compile 48
[2018.06.23-12.54.41:590][734]LogShaderCompilers: Display: Shaders left to compile 38
[2018.06.23-12.54.41:629][736]LogShaderCompilers: Display: Shaders left to compile 28
[2018.06.23-12.54.44:316][874]LogShaderCompilers: Display: Shaders left to compile 18
[2018.06.23-12.54.45:102][920]LogShaderCompilers: Display: Shaders left to compile 8
[2018.06.23-12.55.25:861][365]LogSlate: FSceneViewport::OnFocusLost() reason 2
[2018.06.23-12.55.25:928][365]Cmd: OBJ SAVEPACKAGE PACKAGE="/Game/NewMap" FILE="D:/Users/Jerry/Documents/repos/03_BuildingEscape/BuildingEscape/Saved/Autosaves/Game/NewMap_Auto2.umap" SILENT=true AUTOSAVING=true KEEPDIRTY=false
[2018.06.23-12.55.25:986][365]LogSavePackage: Save=47.30ms
[2018.06.23-12.55.25:986][365]LogSavePackage: Moving 'D:/Users/Jerry/Documents/repos/03_BuildingEscape/BuildingEscape/Saved/NewMap_Auto2519939BB4C74B8E90A3AF0AF3D2D2FA8.tmp' to 'D:/Users/Jerry/Documents/repos/03_BuildingEscape/BuildingEscape/Saved/Autosaves/Game/NewMap_Auto2.umap'
[2018.06.23-12.55.25:987][365]LogSavePackage: Display: Finished SavePackage D:/Users/Jerry/Documents/repos/03_BuildingEscape/BuildingEscape/Saved/Autosaves/Game/NewMap_Auto2.umap
[2018.06.23-12.55.25:990][365]LogFileHelpers: Editor autosave (incl. sublevels) for '/Game/NewMap' took 0.096
[2018.06.23-12.55.25:990][365]LogFileHelpers: Editor autosave (incl. sublevels) for all levels took 0.096
[2018.06.23-12.56.07:200][ 55]LogSlate: FSceneViewport::OnFocusLost() reason 2
[2018.06.23-12.56.15:144][734]MapCheck: New page: Map Check
[2018.06.23-12.56.15:166][734]LogSlate: FSceneViewport::OnFocusLost() reason 2
[2018.06.23-12.56.15:170][734]LightingResults: New page: Lighting Build - Jun 23, 2018, 4:56:15 AM
[2018.06.23-12.56.15:184][734]LogSwarmInterface: [OpenConnection] Registering TCP channel ...
[2018.06.23-12.56.15:188][734]LogSwarmInterface: [OpenConnection] Connecting to agent ...
[2018.06.23-12.56.15:188][734]LogSwarmInterface: [TryOpenConnection] Testing the Agent
[2018.06.23-12.56.15:190][734]LogSwarmInterface: [TryOpenConnection] Opening Connection to Agent
[2018.06.23-12.56.15:190][734]LogSwarmInterface: [TryOpenConnection] Local Process ID is 17864
[2018.06.23-12.56.19:721][734]LogStaticLightingSystem: Warning: No importance volume found, so the scene bounding box was used.  You can optimize your scene's quality and lighting build times by adding importance volumes.
[2018.06.23-12.56.19:721][734]LogStaticLightingSystem: Running Lightmass w/ ImmediateImport mode ENABLED
[2018.06.23-12.56.19:721][734]LogStaticLightingSystem: Running Lightmass w/ ImmediateProcess mode ENABLED
[2018.06.23-12.56.19:721][734]LogStaticLightingSystem: Running Lightmass w/ Sorting mode ENABLED
[2018.06.23-12.56.19:721][734]LogStaticLightingSystem: Running Lightmass w/ Mapping paddings ENABLED
[2018.06.23-12.56.19:721][734]LogStaticLightingSystem: Running Lightmass w/ Mapping debug paddings DISABLED
[2018.06.23-12.56.19:906][734]LogEditorBuildUtils: Build time 0:04
[2018.06.23-12.56.19:917][734]LogMaterial: Missing cached shader map for material FLightmassMaterialRenderer M_Rock, compiling. 
[2018.06.23-12.56.19:923][734]LogMaterial: Missing cached shader map for material FLightmassMaterialRenderer M_Rock, compiling. 
[2018.06.23-12.56.19:939][734]LogShaderCompilers: Display: Shaders left to compile 4
[2018.06.23-12.56.23:621][744]Job is a success!
[2018.06.23-12.56.24:007][745]LogVolumetricLightmapImport: Imported Volumetric Lightmap in 0.010s
[2018.06.23-12.56.24:008][745]LogVolumetricLightmapImport:      Indirection Texture 16x16x16 = 0.0Mb
[2018.06.23-12.56.24:008][745]LogVolumetricLightmapImport:      BrickData 40x5x5 = 0.0Mb
[2018.06.23-12.56.24:008][745]LogVolumetricLightmapImport:      Bricks at Level
[2018.06.23-12.56.24:008][745]LogVolumetricLightmapImport:          0: 12.5% covering 100.0% of volume
[2018.06.23-12.56.24:008][745]LogVolumetricLightmapImport:          1: 12.5% covering 1.6% of volume
[2018.06.23-12.56.24:008][745]LogVolumetricLightmapImport:          2: 75.0% covering 0.1% of volume
[2018.06.23-12.56.24:089][745]LogTexture: Display: Building textures: HQ_Lightmap0_1 (AutoDXT, 256X256)
[2018.06.23-12.56.24:089][745]LogTexture: Display: Building textures: LQ_Lightmap_0_1 (DXT1, 256X256)
[2018.06.23-12.56.24:089][745]LogTexture: Display: Building textures: HQ_Lightmap0_2 (AutoDXT, 64X64)
[2018.06.23-12.56.24:089][745]LogTexture: Display: Building textures: LQ_Lightmap_0_2 (DXT1, 64X64)
[2018.06.23-12.56.24:089][745]LogTexture: Display: Building textures: ShadowMapTexture2D_5 (G8, 32X32)
[2018.06.23-12.56.24:089][745]LogTexture: Display: Building textures: ShadowMapTexture2D_4 (G8, 256X128)
[2018.06.23-12.56.24:107][745]Lightmass on BARRYTHECHOPPA: 1.66 sec total, 191 ms importing, 27 ms setup, 393 ms photons, 991 ms processing, 0 ms extra exporting [4/4 mappings]. Threads: 6.77 sec total, 873 ms processing.
[2018.06.23-12.56.24:147][745]LogStaticLightingSystem: Illumination: 8.63 sec (53 ms encoding lightmaps, 14 ms encoding shadowmaps)
[2018.06.23-12.56.24:147][745]LogStaticLightingSystem: Lightmap texture memory:  0.1 MB (0.1 MB streaming, 0.0 MB non-streaming), 4 textures
[2018.06.23-12.56.24:147][745]LogStaticLightingSystem: Shadowmap texture memory: 0.0 MB (0.0 MB streaming, 0.0 MB non-streaming), 2 textures
[2018.06.23-12.56.24:735][745]DumpUnbuiltLightIteractions
[2018.06.23-12.56.24:735][745]Lights with unbuilt interactions: 0
[2018.06.23-12.56.24:735][745]
[2018.06.23-12.56.24:735][745]Primitives with unbuilt interactions: 0
[2018.06.23-12.56.24:826][746]Cmd: MAP CHECK NOTIFYRESULTS
[2018.06.23-12.56.24:826][746]MapCheck: New page: NewMap - Jun 23, 2018, 4:56:24 AM
[2018.06.23-12.56.24:926][746]MapCheck: Map check complete: 0 Error(s), 0 Warning(s), took 100.369ms to complete.
[2018.06.23-12.56.38:035][975]LogSlate: FSceneViewport::OnFocusLost() reason 2
[2018.06.23-12.56.53:964][247]LogSlate: FSceneViewport::OnFocusLost() reason 2
[2018.06.23-12.56.54:012][250]LogEditorViewport: Clicking on Actor (LMB): StaticMeshActor (SM_Chair)
[2018.06.23-12.56.55:111][329]LogSlate: FSceneViewport::OnFocusLost() reason 2
[2018.06.23-12.57.11:043][452]LogSlate: FSceneViewport::OnFocusLost() reason 0
[2018.06.23-12.57.12:494][579]LogSlate: FSceneViewport::OnFocusLost() reason 0
[2018.06.23-12.57.14:686][742]LogSlate: FSceneViewport::OnFocusLost() reason 0
[2018.06.23-12.58.05:596][330]LogEditorViewport: Clicking on Actor (LMB): StaticMeshActor (SM_Rock)
[2018.06.23-12.58.07:074][454]LogEditorViewport: Clicking on Actor (LMB): StaticMeshActor (SM_Chair)
[2018.06.23-12.58.11:250][822]LogSlate: FSceneViewport::OnFocusLost() reason 0
[2018.06.23-13.02.44:131][843]LogSlate: FSceneViewport::OnFocusLost() reason 2
[2018.06.23-13.02.45:326][946]MapCheck: New page: Map Check
[2018.06.23-13.02.45:344][946]LogSlate: FSceneViewport::OnFocusLost() reason 2
[2018.06.23-13.02.45:348][946]LightingResults: New page: Lighting Build - Jun 23, 2018, 5:02:45 AM
[2018.06.23-13.02.45:362][946]LogSwarmInterface: [OpenConnection] Registering TCP channel ...
[2018.06.23-13.02.45:378][946]LogSwarmInterface: [OpenConnection] Connecting to agent ...
[2018.06.23-13.02.45:378][946]LogSwarmInterface: [TryOpenConnection] Testing the Agent
[2018.06.23-13.02.45:379][946]LogSwarmInterface: [TryOpenConnection] Opening Connection to Agent
[2018.06.23-13.02.45:379][946]LogSwarmInterface: [TryOpenConnection] Local Process ID is 17864
[2018.06.23-13.02.49:893][946]LogStaticLightingSystem: Warning: No importance volume found, so the scene bounding box was used.  You can optimize your scene's quality and lighting build times by adding importance volumes.
[2018.06.23-13.02.49:893][946]LogStaticLightingSystem: Running Lightmass w/ ImmediateImport mode ENABLED
[2018.06.23-13.02.49:893][946]LogStaticLightingSystem: Running Lightmass w/ ImmediateProcess mode ENABLED
[2018.06.23-13.02.49:893][946]LogStaticLightingSystem: Running Lightmass w/ Sorting mode ENABLED
[2018.06.23-13.02.49:893][946]LogStaticLightingSystem: Running Lightmass w/ Mapping paddings ENABLED
[2018.06.23-13.02.49:893][946]LogStaticLightingSystem: Running Lightmass w/ Mapping debug paddings DISABLED
[2018.06.23-13.02.50:045][946]LogEditorBuildUtils: Build time 0:04
[2018.06.23-13.02.51:788][ 10]Job is a success!
[2018.06.23-13.02.51:839][ 12]LogSlate: FSceneViewport::OnFocusLost() reason 2
[2018.06.23-13.02.51:871][ 12]LogVolumetricLightmapImport: Imported Volumetric Lightmap in 0.011s
[2018.06.23-13.02.51:871][ 12]LogVolumetricLightmapImport:      Indirection Texture 16x16x16 = 0.0Mb
[2018.06.23-13.02.51:871][ 12]LogVolumetricLightmapImport:      BrickData 40x5x5 = 0.0Mb
[2018.06.23-13.02.51:871][ 12]LogVolumetricLightmapImport:      Bricks at Level
[2018.06.23-13.02.51:871][ 12]LogVolumetricLightmapImport:          0: 12.5% covering 100.0% of volume
[2018.06.23-13.02.51:871][ 12]LogVolumetricLightmapImport:          1: 12.5% covering 1.6% of volume
[2018.06.23-13.02.51:871][ 12]LogVolumetricLightmapImport:          2: 75.0% covering 0.1% of volume
[2018.06.23-13.02.51:931][ 12]LogTexture: Display: Building textures: HQ_Lightmap1_1 (AutoDXT, 256X256)
[2018.06.23-13.02.51:931][ 12]LogTexture: Display: Building textures: LQ_Lightmap_1_1 (DXT1, 256X256)
[2018.06.23-13.02.51:931][ 12]LogTexture: Display: Building textures: HQ_Lightmap1_2 (AutoDXT, 64X64)
[2018.06.23-13.02.51:931][ 12]LogTexture: Display: Building textures: LQ_Lightmap_1_2 (DXT1, 64X64)
[2018.06.23-13.02.51:931][ 12]LogTexture: Display: Building textures: ShadowMapTexture2D_7 (G8, 32X32)
[2018.06.23-13.02.51:931][ 12]LogTexture: Display: Building textures: ShadowMapTexture2D_6 (G8, 256X128)
[2018.06.23-13.02.51:945][ 12]Lightmass on BARRYTHECHOPPA: 1.26 sec total, 192 ms importing, 27 ms setup, 397 ms photons, 591 ms processing, 0 ms extra exporting [3/3 mappings]. Threads: 3.97 sec total, 671 ms processing.
[2018.06.23-13.02.51:988][ 12]LogStaticLightingSystem: Illumination: 6.61 sec (36 ms encoding lightmaps, 13 ms encoding shadowmaps)
[2018.06.23-13.02.51:988][ 12]LogStaticLightingSystem: Lightmap texture memory:  0.1 MB (0.1 MB streaming, 0.0 MB non-streaming), 4 textures
[2018.06.23-13.02.51:988][ 12]LogStaticLightingSystem: Shadowmap texture memory: 0.0 MB (0.0 MB streaming, 0.0 MB non-streaming), 2 textures
[2018.06.23-13.02.52:899][ 12]DumpUnbuiltLightIteractions
[2018.06.23-13.02.52:899][ 12]Lights with unbuilt interactions: 0
[2018.06.23-13.02.52:899][ 12]
[2018.06.23-13.02.52:899][ 12]Primitives with unbuilt interactions: 0
[2018.06.23-13.02.52:912][ 12]LogSlate: FSceneViewport::OnFocusLost() reason 2
[2018.06.23-13.02.52:986][ 13]Cmd: MAP CHECK NOTIFYRESULTS
[2018.06.23-13.02.52:987][ 13]MapCheck: New page: NewMap - Jun 23, 2018, 5:02:52 AM
[2018.06.23-13.02.53:084][ 13]MapCheck: Map check complete: 0 Error(s), 0 Warning(s), took 97.738ms to complete.
[2018.06.23-13.02.56:630][325]LogEditorViewport: Clicking on Actor (LMB): StaticMeshActor (SM_Chair)
[2018.06.23-13.02.58:634][500]LogEditorViewport: Clicking on Actor (LMB): StaticMeshActor (SM_Rock)
[2018.06.23-13.03.02:283][819]LogSlate: FSceneViewport::OnFocusLost() reason 0
[2018.06.23-13.03.03:332][911]LogEditorViewport: Clicking on Actor (LMB): StaticMeshActor (SM_Chair)
[2018.06.23-13.03.54:575][338]LogSlate: FSceneViewport::OnFocusLost() reason 0
[2018.06.23-13.04.06:210][325]MapCheck: New page: Map Check
[2018.06.23-13.04.06:233][325]LightingResults: New page: Lighting Build - Jun 23, 2018, 5:04:06 AM
[2018.06.23-13.04.06:248][325]LogSwarmInterface: [OpenConnection] Registering TCP channel ...
[2018.06.23-13.04.06:253][325]LogSwarmInterface: [OpenConnection] Connecting to agent ...
[2018.06.23-13.04.06:253][325]LogSwarmInterface: [TryOpenConnection] Testing the Agent
[2018.06.23-13.04.06:254][325]LogSwarmInterface: [TryOpenConnection] Opening Connection to Agent
[2018.06.23-13.04.06:254][325]LogSwarmInterface: [TryOpenConnection] Local Process ID is 17864
[2018.06.23-13.04.10:772][325]LogStaticLightingSystem: Warning: No importance volume found, so the scene bounding box was used.  You can optimize your scene's quality and lighting build times by adding importance volumes.
[2018.06.23-13.04.10:772][325]LogStaticLightingSystem: Running Lightmass w/ ImmediateImport mode ENABLED
[2018.06.23-13.04.10:772][325]LogStaticLightingSystem: Running Lightmass w/ ImmediateProcess mode ENABLED
[2018.06.23-13.04.10:772][325]LogStaticLightingSystem: Running Lightmass w/ Sorting mode ENABLED
[2018.06.23-13.04.10:772][325]LogStaticLightingSystem: Running Lightmass w/ Mapping paddings ENABLED
[2018.06.23-13.04.10:772][325]LogStaticLightingSystem: Running Lightmass w/ Mapping debug paddings DISABLED
[2018.06.23-13.04.10:869][325]LogEditorBuildUtils: Build time 0:04
[2018.06.23-13.04.12:681][331]Job is a success!
[2018.06.23-13.04.13:069][332]LogVolumetricLightmapImport: Imported Volumetric Lightmap in 0.010s
[2018.06.23-13.04.13:069][332]LogVolumetricLightmapImport:      Indirection Texture 16x16x16 = 0.0Mb
[2018.06.23-13.04.13:069][332]LogVolumetricLightmapImport:      BrickData 15x5x5 = 0.0Mb (trimmed 0.0Mb due to 0.010000 MinBrickError)
[2018.06.23-13.04.13:069][332]LogVolumetricLightmapImport:      Bricks at Level
[2018.06.23-13.04.13:069][332]LogVolumetricLightmapImport:          0: 33.3% covering 100.0% of volume
[2018.06.23-13.04.13:069][332]LogVolumetricLightmapImport:          1: 33.3% covering 1.6% of volume
[2018.06.23-13.04.13:069][332]LogVolumetricLightmapImport:          2: 33.3% covering 0.0% of volume
[2018.06.23-13.04.13:111][332]LogTexture: Display: Building textures: HQ_Lightmap0_1 (AutoDXT, 256X256)
[2018.06.23-13.04.13:112][332]LogTexture: Display: Building textures: LQ_Lightmap_0_2 (DXT1, 64X64)
[2018.06.23-13.04.13:112][332]LogTexture: Display: Building textures: LQ_Lightmap_0_1 (DXT1, 256X256)
[2018.06.23-13.04.13:112][332]LogTexture: Display: Building textures: HQ_Lightmap0_2 (AutoDXT, 64X64)
[2018.06.23-13.04.13:112][332]LogTexture: Display: Building textures: ShadowMapTexture2D_9 (G8, 32X32)
[2018.06.23-13.04.13:112][332]LogTexture: Display: Building textures: ShadowMapTexture2D_8 (G8, 128X128)
[2018.06.23-13.04.13:163][332]Lightmass on BARRYTHECHOPPA: 1.60 sec total, 158 ms importing, 23 ms setup, 391 ms photons, 974 ms processing, 0 ms extra exporting [2/2 mappings]. Threads: 6.65 sec total, 216 ms processing.
[2018.06.23-13.04.13:169][332]LogStaticLightingSystem: Illumination: 6.59 sec (11 ms encoding lightmaps, 20 ms encoding shadowmaps)
[2018.06.23-13.04.13:169][332]LogStaticLightingSystem: Lightmap texture memory:  0.1 MB (0.1 MB streaming, 0.0 MB non-streaming), 4 textures
[2018.06.23-13.04.13:170][332]LogStaticLightingSystem: Shadowmap texture memory: 0.0 MB (0.0 MB streaming, 0.0 MB non-streaming), 2 textures
[2018.06.23-13.04.13:779][332]DumpUnbuiltLightIteractions
[2018.06.23-13.04.13:779][332]Lights with unbuilt interactions: 0
[2018.06.23-13.04.13:779][332]
[2018.06.23-13.04.13:779][332]Primitives with unbuilt interactions: 0
[2018.06.23-13.04.13:851][333]Cmd: MAP CHECK NOTIFYRESULTS
[2018.06.23-13.04.13:851][333]MapCheck: New page: NewMap - Jun 23, 2018, 5:04:13 AM
[2018.06.23-13.04.13:950][333]MapCheck: Map check complete: 0 Error(s), 0 Warning(s), took 97.316ms to complete.
[2018.06.23-13.04.17:036][397]Cmd: OBJ SAVEPACKAGE PACKAGE="/Game/NewMap" FILE="D:/Users/Jerry/Documents/repos/03_BuildingEscape/BuildingEscape/Content/NewMap.umap" SILENT=true AUTOSAVING=false KEEPDIRTY=false
[2018.06.23-13.04.17:116][397]LogSavePackage: Save=34.54ms
[2018.06.23-13.04.17:116][397]LogSavePackage: Moving 'D:/Users/Jerry/Documents/repos/03_BuildingEscape/BuildingEscape/Saved/NewMapE806DC9548F0E32CF4696FB41C165414.tmp' to 'D:/Users/Jerry/Documents/repos/03_BuildingEscape/BuildingEscape/Content/NewMap.umap'
[2018.06.23-13.04.17:123][397]LogSavePackage: Display: Finished SavePackage D:/Users/Jerry/Documents/repos/03_BuildingEscape/BuildingEscape/Content/NewMap.umap
[2018.06.23-13.04.17:163][397]Cmd: OBJ SAVEPACKAGE PACKAGE="/Game/NewMap_BuiltData" FILE="D:/Users/Jerry/Documents/repos/03_BuildingEscape/BuildingEscape/Content/NewMap_BuiltData.uasset" SILENT=true
[2018.06.23-13.04.17:204][397]LogSavePackage: Save=30.96ms
[2018.06.23-13.04.17:204][397]LogSavePackage: Moving 'D:/Users/Jerry/Documents/repos/03_BuildingEscape/BuildingEscape/Saved/NewMap_BuiltDataD4E2674745FCAD83E6C008A4E285E92D.tmp' to 'D:/Users/Jerry/Documents/repos/03_BuildingEscape/BuildingEscape/Content/NewMap_BuiltData.uasset'
[2018.06.23-13.04.17:210][397]LogSavePackage: Display: Finished SavePackage D:/Users/Jerry/Documents/repos/03_BuildingEscape/BuildingEscape/Content/NewMap_BuiltData.uasset
